#
# A fatal error has been detected by the Java Runtime Environment:
#
#  EXCEPTION_ACCESS_VIOLATION (0xc0000005) at pc=0x000000006c3c2415, pid=5640, tid=4152
#
# JRE version: Java(TM) SE Runtime Environment (7.0_60-b19) (build 1.7.0_60-b19)
# Java VM: Java HotSpot(TM) 64-Bit Server VM (24.60-b09 mixed mode windows-amd64 compressed oops)
# Problematic frame:
# V  [jvm.dll+0xe2415]
#
# Failed to write core dump. Minidumps are not enabled by default on client versions of Windows
#
# If you would like to submit a bug report, please visit:
#   http://bugreport.sun.com/bugreport/crash.jsp
#

---------------  T H R E A D  ---------------

Current thread (0x0000000001d4f800):  GCTaskThread [stack: 0x0000000005d10000,0x0000000005e10000] [id=4152]

siginfo: ExceptionCode=0xc0000005, reading address 0xffffffffffffffff

Registers:
RAX=0x0000000006f58000, RBX=0x000000006ca3cee0, RCX=0x000000000000002f, RDX=0x1fffffff8004b96f
RSP=0x0000000005e0f760, RBP=0x00000000bb05cb80, RSI=0xffffffff80000010, RDI=0x0000000000000001
R8 =0x007ffffffe0012e5, R9 =0x00000000bae015f0, R10=0x00000000000001db, R11=0x0001000000010000
R12=0x000000006c8a59a8, R13=0x0000000001d4b8e0, R14=0x0000000001d4fe20, R15=0x0000000000000000
RIP=0x000000006c3c2415, EFLAGS=0x0000000000010202

Top of Stack: (sp=0x0000000005e0f760)
0x0000000005e0f760:   000000006ca3cee0 0000000000000024
0x0000000005e0f770:   000000006ca3cee0 000000006c3c243f
0x0000000005e0f780:   00000000bb05cb00 000000006c675abb
0x0000000005e0f790:   000000006ca3cee0 ffffffff80000010
0x0000000005e0f7a0:   00000000bb027418 000000006c67e9c8
0x0000000005e0f7b0:   ffffffff80000010 000000006c3b2520
0x0000000005e0f7c0:   00000000bb05cb00 0000000001dff9b0
0x0000000005e0f7d0:   0000000001dff9b0 000000000000000a
0x0000000005e0f7e0:   0000000001dff9b0 000000006c3b2863
0x0000000005e0f7f0:   00000000bb05cb00 0000000000000004
0x0000000005e0f800:   00000000bb027418 000000006c3b4cd8
0x0000000005e0f810:   0000000001dff9b0 000000006c3eb99c
0x0000000005e0f820:   00000000bb05cb80 0000000001d4fe20
0x0000000005e0f830:   0000000001d4b8e0 00000000bb05b5e8
0x0000000005e0f840:   0000000001dff9b0 000000006c67920c
0x0000000005e0f850:   00000000000001da 0000000001dff9b0 

Instructions: (pc=0x000000006c3c2415)
0x000000006c3c23f5:   48 89 74 24 10 57 48 83 ec 20 48 8b 41 20 4c 8b
0x000000006c3c2405:   c2 0f b6 ca 49 c1 e8 06 80 e1 3f bf 01 00 00 00
0x000000006c3c2415:   4a 8b 1c c0 4a 8d 34 c0 48 d3 e7 48 8b c3 48 0b
0x000000006c3c2425:   c7 48 3b c3 74 27 0f 1f 44 00 00 4c 8b c3 48 8b 


Register to memory mapping:

RAX=0x0000000006f58000 is an unknown value
RBX=0x000000006ca3cee0 is an unknown value
RCX=0x000000000000002f is an unknown value
RDX=0x1fffffff8004b96f is an unknown value
RSP=0x0000000005e0f760 is an unknown value
RBP=0x00000000bb05cb80 is an oop
{method} 
 - klass: {other class}
RSI=0xffffffff80000010 is an unknown value
RDI=0x0000000000000001 is an unknown value
R8 =0x007ffffffe0012e5 is an unknown value
R9 =0x00000000bae015f0 is pointing into object: 0x00000000bae015e0
{other class} 
 - klass: {other class}
R10=0x00000000000001db is an unknown value
R11=0x0001000000010000 is an unknown value
R12=0x000000006c8a59a8 is an unknown value
R13=0x0000000001d4b8e0 is an unknown value
R14=0x0000000001d4fe20 is an unknown value
R15=0x0000000000000000 is an unknown value


Stack: [0x0000000005d10000,0x0000000005e10000],  sp=0x0000000005e0f760,  free space=1021k
Native frames: (J=compiled Java code, j=interpreted, Vv=VM code, C=native code)
V  [jvm.dll+0xe2415]


---------------  P R O C E S S  ---------------

Java Threads: ( => current thread )
  0x00000000084b6000 JavaThread "Service Thread" daemon [_thread_blocked, id=5176, stack(0x0000000009fc0000,0x000000000a0c0000)]
  0x00000000084b3800 JavaThread "C2 CompilerThread1" daemon [_thread_blocked, id=3792, stack(0x0000000009d60000,0x0000000009e60000)]
  0x00000000084ae800 JavaThread "C2 CompilerThread0" daemon [_thread_blocked, id=872, stack(0x0000000009c00000,0x0000000009d00000)]
  0x00000000084ad800 JavaThread "Attach Listener" daemon [_thread_blocked, id=3376, stack(0x00000000096b0000,0x00000000097b0000)]
  0x00000000084a6000 JavaThread "Signal Dispatcher" daemon [_thread_blocked, id=5148, stack(0x0000000009a20000,0x0000000009b20000)]
  0x0000000008456000 JavaThread "Finalizer" daemon [_thread_blocked, id=5588, stack(0x00000000097b0000,0x00000000098b0000)]
  0x000000000844f000 JavaThread "Reference Handler" daemon [_thread_blocked, id=2504, stack(0x00000000093c0000,0x00000000094c0000)]
  0x0000000001e6d800 JavaThread "main" [_thread_blocked, id=5720, stack(0x0000000002470000,0x0000000002570000)]

Other Threads:
  0x0000000008446800 VMThread [stack: 0x0000000009590000,0x0000000009690000] [id=2380]
  0x00000000084c7000 WatcherThread [stack: 0x000000000a170000,0x000000000a270000] [id=2948]

=>0x0000000001d4f800 (exited) GCTaskThread [stack: 0x0000000005d10000,0x0000000005e10000] [id=4152]

VM state:at safepoint (normal execution)

VM Mutex/Monitor currently owned by a thread:  ([mutex/lock_event])
[0x0000000001e6bee0] Threads_lock - owner thread: 0x0000000008446800
[0x0000000001e6c3e0] Heap_lock - owner thread: 0x0000000001e6d800

Heap
 PSYoungGen      total 12800K, used 512K [0x00000000eaa80000, 0x00000000ecd80000, 0x0000000100000000)
  eden space 12288K, 0% used [0x00000000eaa80000,0x00000000eaa80000,0x00000000eb680000)
  from space 512K, 100% used [0x00000000eb680000,0x00000000eb700000,0x00000000eb700000)
  to   space 5632K, 0% used [0x00000000ec800000,0x00000000ec800000,0x00000000ecd80000)
 ParOldGen       total 9728K, used 9034K [0x00000000c0000000, 0x00000000c0980000, 0x00000000eaa80000)
  object space 9728K, 92% used [0x00000000c0000000,0x00000000c08d2970,0x00000000c0980000)
 PSPermGen       total 21504K, used 6544K [0x00000000bae00000, 0x00000000bc300000, 0x00000000c0000000)
  object space 21504K, 30% used [0x00000000bae00000,0x00000000bb4643d0,0x00000000bc300000)

Card table byte_map: [0x0000000005570000,0x00000000057a0000] byte_map_base: 0x0000000004f99000

Polling page: 0x0000000000440000

Code Cache  [0x0000000002570000, 0x00000000027e0000, 0x0000000005570000)
 total_blobs=341 nmethods=116 adapters=178 free_code_cache=48485Kb largest_free_block=49622784

Compilation events (10 events):
Event: 2.067 Thread 0x00000000084ae800 nmethod 113% 0x0000000002619350 code [0x00000000026195c0, 0x000000000261a0b8]
Event: 2.067 Thread 0x00000000084ae800  114             com.sun.tools.javac.file.ZipFileIndex$Entry::compareTo (9 bytes)
Event: 2.070 Thread 0x00000000084ae800 nmethod 114 0x0000000002617350 code [0x00000000026174a0, 0x0000000002617738]
Event: 2.070 Thread 0x00000000084ae800  115             com.sun.tools.javac.file.ZipFileIndex$Entry::compareTo (40 bytes)
Event: 2.071 Thread 0x00000000084ae800 nmethod 115 0x0000000002616dd0 code [0x0000000002616f20, 0x0000000002617198]
Event: 2.071 Thread 0x00000000084ae800  116             java.util.ComparableTimSort::countRunAndMakeAscending (123 bytes)
Event: 2.080 Thread 0x00000000084ae800 nmethod 116 0x000000000260ab90 code [0x000000000260ad20, 0x000000000260b4d8]
Event: 2.080 Thread 0x00000000084ae800  117             com.sun.tools.javac.file.RelativePath::compareTo (12 bytes)
Event: 2.081 Thread 0x00000000084ae800 nmethod 117 0x000000000260a810 code [0x000000000260a940, 0x000000000260aa98]
Event: 2.081 Thread 0x00000000084ae800  118             java.util.ComparableTimSort::binarySort (223 bytes)

GC Heap History (10 events):
Event: 0.251 GC heap after
Heap after GC invocations=1 (full 0):
 PSYoungGen      total 3584K, used 503K [0x00000000eaa80000, 0x00000000eb180000, 0x0000000100000000)
  eden space 3072K, 0% used [0x00000000eaa80000,0x00000000eaa80000,0x00000000ead80000)
  from space 512K, 98% used [0x00000000ead80000,0x00000000eadfde80,0x00000000eae00000)
  to   space 512K, 0% used [0x00000000eb100000,0x00000000eb100000,0x00000000eb180000)
 ParOldGen       total 5632K, used 280K [0x00000000c0000000, 0x00000000c0580000, 0x00000000eaa80000)
  object space 5632K, 4% used [0x00000000c0000000,0x00000000c0046010,0x00000000c0580000)
 PSPermGen       total 21504K, used 3844K [0x00000000bae00000, 0x00000000bc300000, 0x00000000c0000000)
  object space 21504K, 17% used [0x00000000bae00000,0x00000000bb1c1018,0x00000000bc300000)
}
Event: 0.348 GC heap before
{Heap before GC invocations=2 (full 0):
 PSYoungGen      total 3584K, used 3575K [0x00000000eaa80000, 0x00000000eb180000, 0x0000000100000000)
  eden space 3072K, 100% used [0x00000000eaa80000,0x00000000ead80000,0x00000000ead80000)
  from space 512K, 98% used [0x00000000ead80000,0x00000000eadfde80,0x00000000eae00000)
  to   space 512K, 0% used [0x00000000eb100000,0x00000000eb100000,0x00000000eb180000)
 ParOldGen       total 5632K, used 280K [0x00000000c0000000, 0x00000000c0580000, 0x00000000eaa80000)
  object space 5632K, 4% used [0x00000000c0000000,0x00000000c0046010,0x00000000c0580000)
 PSPermGen       total 21504K, used 4989K [0x00000000bae00000, 0x00000000bc300000, 0x00000000c0000000)
  object space 21504K, 23% used [0x00000000bae00000,0x00000000bb2df4a0,0x00000000bc300000)
Event: 0.354 GC heap after
Heap after GC invocations=2 (full 0):
 PSYoungGen      total 6656K, used 503K [0x00000000eaa80000, 0x00000000eb180000, 0x0000000100000000)
  eden space 6144K, 0% used [0x00000000eaa80000,0x00000000eaa80000,0x00000000eb080000)
  from space 512K, 98% used [0x00000000eb100000,0x00000000eb17de90,0x00000000eb180000)
  to   space 512K, 0% used [0x00000000eb080000,0x00000000eb080000,0x00000000eb100000)
 ParOldGen       total 5632K, used 504K [0x00000000c0000000, 0x00000000c0580000, 0x00000000eaa80000)
  object space 5632K, 8% used [0x00000000c0000000,0x00000000c007e020,0x00000000c0580000)
 PSPermGen       total 21504K, used 4989K [0x00000000bae00000, 0x00000000bc300000, 0x00000000c0000000)
  object space 21504K, 23% used [0x00000000bae00000,0x00000000bb2df4a0,0x00000000bc300000)
}
Event: 0.974 GC heap before
{Heap before GC invocations=3 (full 0):
 PSYoungGen      total 6656K, used 6639K [0x00000000eaa80000, 0x00000000eb180000, 0x0000000100000000)
  eden space 6144K, 99% used [0x00000000eaa80000,0x00000000eb07dea8,0x00000000eb080000)
  from space 512K, 98% used [0x00000000eb100000,0x00000000eb17de90,0x00000000eb180000)
  to   space 512K, 0% used [0x00000000eb080000,0x00000000eb080000,0x00000000eb100000)
 ParOldGen       total 5632K, used 504K [0x00000000c0000000, 0x00000000c0580000, 0x00000000eaa80000)
  object space 5632K, 8% used [0x00000000c0000000,0x00000000c007e020,0x00000000c0580000)
 PSPermGen       total 21504K, used 5959K [0x00000000bae00000, 0x00000000bc300000, 0x00000000c0000000)
  object space 21504K, 27% used [0x00000000bae00000,0x00000000bb3d1c50,0x00000000bc300000)
Event: 0.982 GC heap after
Heap after GC invocations=3 (full 0):
 PSYoungGen      total 6656K, used 487K [0x00000000eaa80000, 0x00000000eb780000, 0x0000000100000000)
  eden space 6144K, 0% used [0x00000000eaa80000,0x00000000eaa80000,0x00000000eb080000)
  from space 512K, 95% used [0x00000000eb080000,0x00000000eb0f9e80,0x00000000eb100000)
  to   space 512K, 0% used [0x00000000eb700000,0x00000000eb700000,0x00000000eb780000)
 ParOldGen       total 5632K, used 1672K [0x00000000c0000000, 0x00000000c0580000, 0x00000000eaa80000)
  object space 5632K, 29% used [0x00000000c0000000,0x00000000c01a2008,0x00000000c0580000)
 PSPermGen       total 21504K, used 5959K [0x00000000bae00000, 0x00000000bc300000, 0x00000000c0000000)
  object space 21504K, 27% used [0x00000000bae00000,0x00000000bb3d1c50,0x00000000bc300000)
}
Event: 1.326 GC heap before
{Heap before GC invocations=4 (full 0):
 PSYoungGen      total 6656K, used 6631K [0x00000000eaa80000, 0x00000000eb780000, 0x0000000100000000)
  eden space 6144K, 100% used [0x00000000eaa80000,0x00000000eb080000,0x00000000eb080000)
  from space 512K, 95% used [0x00000000eb080000,0x00000000eb0f9e80,0x00000000eb100000)
  to   space 512K, 0% used [0x00000000eb700000,0x00000000eb700000,0x00000000eb780000)
 ParOldGen       total 5632K, used 1672K [0x00000000c0000000, 0x00000000c0580000, 0x00000000eaa80000)
  object space 5632K, 29% used [0x00000000c0000000,0x00000000c01a2008,0x00000000c0580000)
 PSPermGen       total 21504K, used 6085K [0x00000000bae00000, 0x00000000bc300000, 0x00000000c0000000)
  object space 21504K, 28% used [0x00000000bae00000,0x00000000bb3f1738,0x00000000bc300000)
Event: 1.331 GC heap after
Heap after GC invocations=4 (full 0):
 PSYoungGen      total 12800K, used 512K [0x00000000eaa80000, 0x00000000eb780000, 0x0000000100000000)
  eden space 12288K, 0% used [0x00000000eaa80000,0x00000000eaa80000,0x00000000eb680000)
  from space 512K, 100% used [0x00000000eb700000,0x00000000eb780000,0x00000000eb780000)
  to   space 512K, 0% used [0x00000000eb680000,0x00000000eb680000,0x00000000eb700000)
 ParOldGen       total 5632K, used 2933K [0x00000000c0000000, 0x00000000c0580000, 0x00000000eaa80000)
  object space 5632K, 52% used [0x00000000c0000000,0x00000000c02dd630,0x00000000c0580000)
 PSPermGen       total 21504K, used 6085K [0x00000000bae00000, 0x00000000bc300000, 0x00000000c0000000)
  object space 21504K, 28% used [0x00000000bae00000,0x00000000bb3f1738,0x00000000bc300000)
}
Event: 2.087 GC heap before
{Heap before GC invocations=5 (full 0):
 PSYoungGen      total 12800K, used 12800K [0x00000000eaa80000, 0x00000000eb780000, 0x0000000100000000)
  eden space 12288K, 100% used [0x00000000eaa80000,0x00000000eb680000,0x00000000eb680000)
  from space 512K, 100% used [0x00000000eb700000,0x00000000eb780000,0x00000000eb780000)
  to   space 512K, 0% used [0x00000000eb680000,0x00000000eb680000,0x00000000eb700000)
 ParOldGen       total 5632K, used 2933K [0x00000000c0000000, 0x00000000c0580000, 0x00000000eaa80000)
  object space 5632K, 52% used [0x00000000c0000000,0x00000000c02dd630,0x00000000c0580000)
 PSPermGen       total 21504K, used 6544K [0x00000000bae00000, 0x00000000bc300000, 0x00000000c0000000)
  object space 21504K, 30% used [0x00000000bae00000,0x00000000bb4643d0,0x00000000bc300000)
Event: 2.105 GC heap after
Heap after GC invocations=5 (full 0):
 PSYoungGen      total 12800K, used 512K [0x00000000eaa80000, 0x00000000ecd80000, 0x0000000100000000)
  eden space 12288K, 0% used [0x00000000eaa80000,0x00000000eaa80000,0x00000000eb680000)
  from space 512K, 100% used [0x00000000eb680000,0x00000000eb700000,0x00000000eb700000)
  to   space 5632K, 0% used [0x00000000ec800000,0x00000000ec800000,0x00000000ecd80000)
 ParOldGen       total 9728K, used 9034K [0x00000000c0000000, 0x00000000c0980000, 0x00000000eaa80000)
  object space 9728K, 92% used [0x00000000c0000000,0x00000000c08d2970,0x00000000c0980000)
 PSPermGen       total 21504K, used 6544K [0x00000000bae00000, 0x00000000bc300000, 0x00000000c0000000)
  object space 21504K, 30% used [0x00000000bae00000,0x00000000bb4643d0,0x00000000bc300000)
}
Event: 2.105 GC heap before
{Heap before GC invocations=6 (full 1):
 PSYoungGen      total 12800K, used 512K [0x00000000eaa80000, 0x00000000ecd80000, 0x0000000100000000)
  eden space 12288K, 0% used [0x00000000eaa80000,0x00000000eaa80000,0x00000000eb680000)
  from space 512K, 100% used [0x00000000eb680000,0x00000000eb700000,0x00000000eb700000)
  to   space 5632K, 0% used [0x00000000ec800000,0x00000000ec800000,0x00000000ecd80000)
 ParOldGen       total 9728K, used 9034K [0x00000000c0000000, 0x00000000c0980000, 0x00000000eaa80000)
  object space 9728K, 92% used [0x00000000c0000000,0x00000000c08d2970,0x00000000c0980000)
 PSPermGen       total 21504K, used 6544K [0x00000000bae00000, 0x00000000bc300000, 0x00000000c0000000)
  object space 21504K, 30% used [0x00000000bae00000,0x00000000bb4643d0,0x00000000bc300000)

Deoptimization events (3 events):
Event: 0.364 Thread 0x0000000001e6d800 Uncommon trap: reason=null_check action=make_not_entrant pc=0x00000000025d45e8 method=java.lang.String.equals(Ljava/lang/Object;)Z @ 8
Event: 0.603 Thread 0x0000000001e6d800 Uncommon trap: reason=null_check action=make_not_entrant pc=0x00000000025f0684 method=java.util.jar.Attributes.putValue(Ljava/lang/String;Ljava/lang/String;)Ljava/lang/String; @ 13
Event: 1.875 Thread 0x0000000001e6d800 Uncommon trap: reason=null_check action=make_not_entrant pc=0x000000000260f114 method=java.util.LinkedHashMap.get(Ljava/lang/Object;)Ljava/lang/Object; @ 5

Internal exceptions (10 events):
Event: 1.668 Thread 0x0000000001e6d800 Threw 0x00000000eaca4360 at C:\re\jdk7u60\1081\hotspot\src\share\vm\prims\jvm.cpp:1244
Event: 1.669 Thread 0x0000000001e6d800 Threw 0x00000000eaca62b8 at C:\re\jdk7u60\1081\hotspot\src\share\vm\prims\jvm.cpp:1244
Event: 1.669 Thread 0x0000000001e6d800 Threw 0x00000000eaca8518 at C:\re\jdk7u60\1081\hotspot\src\share\vm\prims\jvm.cpp:1244
Event: 1.669 Thread 0x0000000001e6d800 Threw 0x00000000eaca9e38 at C:\re\jdk7u60\1081\hotspot\src\share\vm\prims\jvm.cpp:1244
Event: 1.815 Thread 0x0000000001e6d800 Threw 0x00000000eafc70b0 at C:\re\jdk7u60\1081\hotspot\src\share\vm\prims\jvm.cpp:1244
Event: 1.816 Thread 0x0000000001e6d800 Threw 0x00000000eafc9720 at C:\re\jdk7u60\1081\hotspot\src\share\vm\prims\jvm.cpp:1244
Event: 1.818 Thread 0x0000000001e6d800 Threw 0x00000000eafd5d88 at C:\re\jdk7u60\1081\hotspot\src\share\vm\prims\jvm.cpp:1244
Event: 1.819 Thread 0x0000000001e6d800 Threw 0x00000000eafe2ed8 at C:\re\jdk7u60\1081\hotspot\src\share\vm\prims\jvm.cpp:1244
Event: 1.820 Thread 0x0000000001e6d800 Threw 0x00000000eafe70a8 at C:\re\jdk7u60\1081\hotspot\src\share\vm\prims\jvm.cpp:1244
Event: 1.875 Thread 0x0000000001e6d800 Implicit null exception at 0x000000000260e7cc to 0x000000000260f109

Events (10 events):
Event: 1.830 loading class 0x0000000001db10b0
Event: 1.830 loading class 0x0000000001db10b0 done
Event: 1.830 loading class 0x000000000a4495f0
Event: 1.830 loading class 0x000000000a4495f0 done
Event: 1.831 loading class 0x0000000001db10e0
Event: 1.831 loading class 0x0000000001db10e0 done
Event: 1.875 Thread 0x0000000001e6d800 Uncommon trap: trap_request=0xfffffff4 fr.pc=0x000000000260f114
Event: 1.875 Thread 0x0000000001e6d800 DEOPT PACKING pc=0x000000000260f114 sp=0x000000000256e590
Event: 1.875 Thread 0x0000000001e6d800 DEOPT UNPACKING pc=0x00000000025a9064 sp=0x000000000256e508 mode 2
Event: 2.087 Executing VM operation: ParallelGCFailedAllocation


Dynamic libraries:
0x000000013fbd0000 - 0x000000013fbd7000 	C:\Program Files\Java\jdk1.7.0_60\bin\javac.exe
0x0000000077c90000 - 0x0000000077e39000 	C:\Windows\SYSTEM32\ntdll.dll
0x0000000077b70000 - 0x0000000077c8f000 	C:\Windows\system32\kernel32.dll
0x000007fefdc90000 - 0x000007fefdcfb000 	C:\Windows\system32\KERNELBASE.dll
0x000000006dab0000 - 0x000000006dadb000 	C:\Program Files\Java\jdk1.7.0_60\bin\jli.dll
0x000007fefdfb0000 - 0x000007fefe08b000 	C:\Windows\system32\ADVAPI32.dll
0x000007fefe090000 - 0x000007fefe12f000 	C:\Windows\system32\msvcrt.dll
0x000007feff520000 - 0x000007feff53f000 	C:\Windows\SYSTEM32\sechost.dll
0x000007fefe240000 - 0x000007fefe36d000 	C:\Windows\system32\RPCRT4.dll
0x000007fefc460000 - 0x000007fefc654000 	C:\Windows\WinSxS\amd64_microsoft.windows.common-controls_6595b64144ccf1df_6.0.7601.17514_none_fa396087175ac9ac\COMCTL32.dll
0x000007feff390000 - 0x000007feff3f7000 	C:\Windows\system32\GDI32.dll
0x0000000077a70000 - 0x0000000077b6a000 	C:\Windows\system32\USER32.dll
0x000007feff510000 - 0x000007feff51e000 	C:\Windows\system32\LPK.dll
0x000007feffe70000 - 0x000007fefff39000 	C:\Windows\system32\USP10.dll
0x000007feff540000 - 0x000007feff5b1000 	C:\Windows\system32\SHLWAPI.dll
0x0000000075090000 - 0x0000000075162000 	C:\Program Files\Java\jdk1.7.0_60\bin\MSVCR100.dll
0x000007feff360000 - 0x000007feff38e000 	C:\Windows\system32\IMM32.DLL
0x000007feff400000 - 0x000007feff509000 	C:\Windows\system32\MSCTF.dll
0x000007fefdb20000 - 0x000007fefdbd2000 	C:\Windows\system32\Scdetour.dll
0x000000000f000000 - 0x000000000f006000 	C:\Windows\system32\detoured.dll
0x0000000077e60000 - 0x0000000077e67000 	C:\Windows\system32\PSAPI.DLL
0x000000006d320000 - 0x000000006d3f2000 	C:\Program Files\Java\jdk1.7.0_60\jre\bin\msvcr100.dll
0x000000006c2e0000 - 0x000000006cab2000 	C:\Program Files\Java\jdk1.7.0_60\jre\bin\server\jvm.dll
0x000007fefa360000 - 0x000007fefa369000 	C:\Windows\system32\WSOCK32.dll
0x000007fefe130000 - 0x000007fefe17d000 	C:\Windows\system32\WS2_32.dll
0x000007feffde0000 - 0x000007feffde8000 	C:\Windows\system32\NSI.dll
0x000007fefba10000 - 0x000007fefba4b000 	C:\Windows\system32\WINMM.dll
0x0000000075660000 - 0x000000007566f000 	C:\Program Files\Java\jdk1.7.0_60\jre\bin\verify.dll
0x0000000075530000 - 0x0000000075558000 	C:\Program Files\Java\jdk1.7.0_60\jre\bin\java.dll
0x0000000075510000 - 0x0000000075525000 	C:\Program Files\Java\jdk1.7.0_60\jre\bin\zip.dll
0x000007fef1810000 - 0x000007fef1935000 	C:\Windows\system32\dbghelp.dll

VM Arguments:
jvm_args: -Dapplication.home=C:\Program Files\Java\jdk1.7.0_60 -Xms8m -Xmx1024m 
java_command: com.sun.tools.javac.Main @C:\Users\ADMINI~1\AppData\Local\Temp\javac4077748471301481576.tmp
Launcher Type: SUN_STANDARD

Environment Variables:
JAVA_HOME=C:\Program Files\Java\jdk1.7.0_60
PATH=C:\Program Files\Common Files\Microsoft Shared\Windows Live;C:\Program Files (x86)\Common Files\Microsoft Shared\Windows Live;C:\Windows\system32;C:\Windows;C:\Windows\System32\Wbem;C:\Windows\System32\WindowsPowerShell\v1.0\;C:\Program Files (x86)\Windows Live\Shared;C:\Program Files\Java\jdk1.7.0_60\bin
USERNAME=Administrator
OS=Windows_NT
PROCESSOR_IDENTIFIER=Intel64 Family 6 Model 37 Stepping 5, GenuineIntel



---------------  S Y S T E M  ---------------

OS: Windows 7 , 64 bit Build 7601 Service Pack 1

CPU:total 4 (2 cores per cpu, 2 threads per core) family 6 model 37 stepping 5, cmov, cx8, fxsr, mmx, sse, sse2, sse3, ssse3, sse4.1, sse4.2, popcnt, ht, tsc, tscinvbit

Memory: 4k page, physical 8146496k(2850412k free), swap 16291148k(10632536k free)

vm_info: Java HotSpot(TM) 64-Bit Server VM (24.60-b09) for windows-amd64 JRE (1.7.0_60-b19), built on May  7 2014 12:55:18 by "java_re" with unknown MS VC++:1600

time: Fri Nov 21 12:26:58 2014
elapsed time: 2 seconds

