#
# A fatal error has been detected by the Java Runtime Environment:
#
#  EXCEPTION_ACCESS_VIOLATION (0xc0000005) at pc=0x000000006534f5bf, pid=5580, tid=5068
#
# JRE version: Java(TM) SE Runtime Environment (7.0_60-b19) (build 1.7.0_60-b19)
# Java VM: Java HotSpot(TM) 64-Bit Server VM (24.60-b09 mixed mode windows-amd64 compressed oops)
# Problematic frame:
# V  [jvm.dll+0xef5bf]
#
# Failed to write core dump. Minidumps are not enabled by default on client versions of Windows
#
# If you would like to submit a bug report, please visit:
#   http://bugreport.sun.com/bugreport/crash.jsp
#

---------------  T H R E A D  ---------------

Current thread (0x0000000001f5f800):  GCTaskThread [stack: 0x0000000005640000,0x0000000005740000] [id=5068]

siginfo: ExceptionCode=0xc0000005, reading address 0xffffffffffffffff

Registers:
RAX=0x0000000005a10000, RBX=0x0000000080000000, RCX=0x0000000000000000, RDX=0x007fffffffd40000
RSP=0x000000000573f3a0, RBP=0x00000000e29846b0, RSI=0x0000000000000003, RDI=0x000000000200f7c0
R8 =0x0000000000000000, R9 =0x0000000000000000, R10=0x0000000000000000, R11=0x000000000000000c
R12=0x00000000e29846cc, R13=0x00000000d9205520, R14=0x00000000d9205528, R15=0x00000000e2984670
RIP=0x000000006534f5bf, EFLAGS=0x0000000000010246

Top of Stack: (sp=0x000000000573f3a0)
0x000000000573f3a0:   00000000e29850c0 00000000e29846a4
0x000000000573f3b0:   0000000000000003 000000000200f7c0
0x000000000573f3c0:   0000000000000000 00000000000083b0
0x000000000573f3d0:   000000000a4ce578 0000000001f5bbe0
0x000000000573f3e0:   00000000000000cf 00000000655f920c
0x000000000573f3f0:   00000000078c06c8 00000000e2984670
0x000000000573f400:   000000000200f7c0 000000000a4cb8d0
0x000000000573f410:   0000003300000000 0000000000000c00
0x000000000573f420:   0000000000000000 0000000000000000
0x000000000573f430:   00000000078c0100 000000000901c800
0x000000000573f440:   0000000000000001 000000000a4ce578
0x000000000573f450:   0000000001f600a0 00000000000083b0
0x000000000573f460:   000000000a4cb8d0 0000000001f5bbe0
0x000000000573f470:   000000000a4c6590 0000000006fc5530
0x000000000573f480:   000000000200f7c0 00000000655f648e
0x000000000573f490:   0000003200000000 0000003300000000 

Instructions: (pc=0x000000006534f5bf)
0x000000006534f59f:   15 3c d9 66 00 48 c1 ea 03 48 d3 ea 0f b6 c2 48
0x000000006534f5af:   c1 ea 06 24 3f 44 0f b6 c0 48 8b 05 51 d9 66 00
0x000000006534f5bf:   48 8b 14 d0 4c 0f a3 c2 0f 82 55 01 00 00 80 3d
0x000000006534f5cf:   c4 49 66 00 00 74 0e 8b 43 08 41 8b c9 48 d3 e0 


Register to memory mapping:

RAX=0x0000000005a10000 is an unknown value
RBX=0x0000000080000000 is an unknown value
RCX=0x0000000000000000 is an unknown value
RDX=0x007fffffffd40000 is an unknown value
RSP=0x000000000573f3a0 is an unknown value
RBP=0x00000000e29846b0 is pointing into object: 0x00000000e2984670
weblogic.jsp.internal.jsp.tag.TagNode$Attribute 
 - klass: 'weblogic/jsp/internal/jsp/tag/TagNode$Attribute'
RSI=0x0000000000000003 is an unknown value
RDI=0x000000000200f7c0 is an unknown value
R8 =0x0000000000000000 is an unknown value
R9 =0x0000000000000000 is an unknown value
R10=0x0000000000000000 is an unknown value
R11=0x000000000000000c is an unknown value
R12=0x00000000e29846cc is pointing into object: 0x00000000e2984670
weblogic.jsp.internal.jsp.tag.TagNode$Attribute 
 - klass: 'weblogic/jsp/internal/jsp/tag/TagNode$Attribute'
R13=0x00000000d9205520 is pointing into object: 0x00000000d9205138
{instance class} 
 - klass: {other class}
R14=0x00000000d9205528 is an oop
{constant pool cache} 
 - klass: {other class}
                 -------------
  0  (0x00000000d9205548)  [00|b7|    1]
                 [   0x00000000d8fed500]
                 [   0x0000000000000000]
                 [   0xffffffff80000001]
                 -------------
  1  (0x00000000d9205568)  [b5|b4|    2]
                 [   0x00000000e2a41e48]
                 [   0x0000000000000010]
                 [   0x0000000074000000]
                 -------------
  2  (0x00000000d9205588)  [b5|b4|    3]
                 [   0x00000000e2a41e48]
                 [   0x0000000000000014]
                 [   0x0000000074000001]
                 -------------
  3  (0x00000000d92055a8)  [00|00|    4]
                 [   0x0000000000000000]
                 [   0x0000000000000000]
                 [   0x0000000000000000]
                 -------------
R15=0x00000000e2984670 is an oop
weblogic.jsp.internal.jsp.tag.TagNode$Attribute 
 - klass: 'weblogic/jsp/internal/jsp/tag/TagNode$Attribute'


Stack: [0x0000000005640000,0x0000000005740000],  sp=0x000000000573f3a0,  free space=1020k
Native frames: (J=compiled Java code, j=interpreted, Vv=VM code, C=native code)
V  [jvm.dll+0xef5bf]


---------------  P R O C E S S  ---------------

Java Threads: ( => current thread )
  0x000000000925f800 JavaThread "Javelin Worker-3-salesOrdSearchPage.jsff" daemon [_thread_blocked, id=5596, stack(0x000000000b2a0000,0x000000000b3a0000)]
  0x000000000925e800 JavaThread "Javelin Worker-2-SchemeLotBinPage.jsff" daemon [_thread_blocked, id=4060, stack(0x000000000b6c0000,0x000000000b7c0000)]
  0x000000000901d000 JavaThread "Javelin Worker-1-salesOrderCreatePage.jsff" daemon [_thread_blocked, id=3844, stack(0x000000000b550000,0x000000000b650000)]
  0x000000000901c800 JavaThread "Javelin Worker-0-createPurOrderPage.jsff" daemon [_thread_blocked, id=6124, stack(0x000000000b3e0000,0x000000000b4e0000)]
  0x000000000713e000 JavaThread "Service Thread" daemon [_thread_blocked, id=972, stack(0x0000000008c20000,0x0000000008d20000)]
  0x000000000713b800 JavaThread "C2 CompilerThread1" daemon [_thread_blocked, id=3496, stack(0x0000000008a50000,0x0000000008b50000)]
  0x0000000007136800 JavaThread "C2 CompilerThread0" daemon [_thread_blocked, id=5456, stack(0x0000000008150000,0x0000000008250000)]
  0x0000000007135800 JavaThread "Attach Listener" daemon [_thread_blocked, id=2980, stack(0x0000000008860000,0x0000000008960000)]
  0x000000000712e000 JavaThread "Signal Dispatcher" daemon [_thread_blocked, id=4300, stack(0x00000000086d0000,0x00000000087d0000)]
  0x00000000070d6000 JavaThread "Finalizer" daemon [_thread_blocked, id=5340, stack(0x0000000008590000,0x0000000008690000)]
  0x00000000070cf000 JavaThread "Reference Handler" daemon [_thread_blocked, id=5396, stack(0x0000000008460000,0x0000000008560000)]
  0x000000000202e800 JavaThread "main" [_thread_blocked, id=2916, stack(0x0000000002140000,0x0000000002240000)]

Other Threads:
  0x00000000070c9000 VMThread [stack: 0x0000000008250000,0x0000000008350000] [id=3800]
  0x0000000007147000 WatcherThread [stack: 0x0000000008d30000,0x0000000008e30000] [id=940]

=>0x0000000001f5f800 (exited) GCTaskThread [stack: 0x0000000005640000,0x0000000005740000] [id=5068]

VM state:at safepoint (normal execution)

VM Mutex/Monitor currently owned by a thread:  ([mutex/lock_event])
[0x000000000202bee0] Threads_lock - owner thread: 0x00000000070c9000
[0x000000000202c3e0] Heap_lock - owner thread: 0x000000000925f800

Heap
 PSYoungGen      total 146432K, used 13106K [0x00000000f5500000, 0x00000000ffd80000, 0x0000000100000000)
  eden space 123392K, 0% used [0x00000000f5500000,0x00000000f5500000,0x00000000fcd80000)
  from space 23040K, 56% used [0x00000000fe700000,0x00000000ff3cc878,0x00000000ffd80000)
  to   space 24576K, 0% used [0x00000000fcd80000,0x00000000fcd80000,0x00000000fe580000)
 ParOldGen       total 87552K, used 73964K [0x00000000e0000000, 0x00000000e5580000, 0x00000000f5500000)
  object space 87552K, 84% used [0x00000000e0000000,0x00000000e483b190,0x00000000e5580000)
 PSPermGen       total 24064K, used 23787K [0x00000000d8000000, 0x00000000d9780000, 0x00000000e0000000)
  object space 24064K, 98% used [0x00000000d8000000,0x00000000d973aed8,0x00000000d9780000)

Card table byte_map: [0x0000000005240000,0x0000000005390000] byte_map_base: 0x0000000004b80000

Polling page: 0x0000000000110000

Code Cache  [0x0000000002240000, 0x0000000002530000, 0x0000000005240000)
 total_blobs=1182 nmethods=841 adapters=293 free_code_cache=46237Kb largest_free_block=47288128

Compilation events (10 events):
Event: 12.571 Thread 0x0000000007136800  893             weblogic.jsp.internal.jsp.JspScriptTransform$TransformAttribute::isDynamicAttribute (8 bytes)
Event: 12.572 Thread 0x0000000007136800 nmethod 893 0x000000000246f450 code [0x000000000246f580, 0x000000000246f5d8]
Event: 12.572 Thread 0x0000000007136800  894             weblogic.jsp.internal.jsp.JspScriptTransform$TransformAttribute::isELExpression (8 bytes)
Event: 12.573 Thread 0x0000000007136800 nmethod 894 0x000000000246f250 code [0x000000000246f380, 0x000000000246f3d8]
Event: 12.573 Thread 0x0000000007136800  895             weblogic.jsp.internal.jsp.JspScriptTransform$TransformAttribute::isFragment (8 bytes)
Event: 12.573 Thread 0x0000000007136800 nmethod 895 0x000000000246f050 code [0x000000000246f180, 0x000000000246f1d8]
Event: 12.573 Thread 0x0000000007136800  896             weblogic.jsp.internal.jsp.JspScriptTransform$TransformAttribute::getIntrospectedType (8 bytes)
Event: 12.574 Thread 0x0000000007136800 nmethod 896 0x0000000002480950 code [0x0000000002480a80, 0x0000000002480af8]
Event: 12.574 Thread 0x0000000007136800  897 %           com.bea.core.repackaged.jdt.internal.compiler.batch.ClasspathJar::isPackage @ 54 (146 bytes)
Event: 12.599 Thread 0x0000000007136800 nmethod 897% 0x0000000002476890 code [0x0000000002476a60, 0x0000000002477650]

GC Heap History (10 events):
Event: 9.566 GC heap after
Heap after GC invocations=8 (full 0):
 PSYoungGen      total 142336K, used 22286K [0x00000000f5500000, 0x0000000100000000, 0x0000000100000000)
  eden space 119808K, 0% used [0x00000000f5500000,0x00000000f5500000,0x00000000fca00000)
  from space 22528K, 98% used [0x00000000fea00000,0x00000000fffc3838,0x0000000100000000)
  to   space 27648K, 0% used [0x00000000fca00000,0x00000000fca00000,0x00000000fe500000)
 ParOldGen       total 87552K, used 34353K [0x00000000e0000000, 0x00000000e5580000, 0x00000000f5500000)
  object space 87552K, 39% used [0x00000000e0000000,0x00000000e218c7a0,0x00000000e5580000)
 PSPermGen       total 21504K, used 20457K [0x00000000d8000000, 0x00000000d9500000, 0x00000000e0000000)
  object space 21504K, 95% used [0x00000000d8000000,0x00000000d93fa600,0x00000000d9500000)
}
Event: 10.234 GC heap before
{Heap before GC invocations=9 (full 0):
 PSYoungGen      total 142336K, used 142094K [0x00000000f5500000, 0x0000000100000000, 0x0000000100000000)
  eden space 119808K, 100% used [0x00000000f5500000,0x00000000fca00000,0x00000000fca00000)
  from space 22528K, 98% used [0x00000000fea00000,0x00000000fffc3838,0x0000000100000000)
  to   space 27648K, 0% used [0x00000000fca00000,0x00000000fca00000,0x00000000fe500000)
 ParOldGen       total 87552K, used 34353K [0x00000000e0000000, 0x00000000e5580000, 0x00000000f5500000)
  object space 87552K, 39% used [0x00000000e0000000,0x00000000e218c7a0,0x00000000e5580000)
 PSPermGen       total 21504K, used 21414K [0x00000000d8000000, 0x00000000d9500000, 0x00000000e0000000)
  object space 21504K, 99% used [0x00000000d8000000,0x00000000d94e99d8,0x00000000d9500000)
Event: 10.269 GC heap after
Heap after GC invocations=9 (full 0):
 PSYoungGen      total 147456K, used 16510K [0x00000000f5500000, 0x0000000100000000, 0x0000000100000000)
  eden space 119808K, 0% used [0x00000000f5500000,0x00000000f5500000,0x00000000fca00000)
  from space 27648K, 59% used [0x00000000fca00000,0x00000000fda1f948,0x00000000fe500000)
  to   space 27136K, 0% used [0x00000000fe580000,0x00000000fe580000,0x0000000100000000)
 ParOldGen       total 87552K, used 44577K [0x00000000e0000000, 0x00000000e5580000, 0x00000000f5500000)
  object space 87552K, 50% used [0x00000000e0000000,0x00000000e2b887e0,0x00000000e5580000)
 PSPermGen       total 21504K, used 21414K [0x00000000d8000000, 0x00000000d9500000, 0x00000000e0000000)
  object space 21504K, 99% used [0x00000000d8000000,0x00000000d94e99d8,0x00000000d9500000)
}
Event: 11.386 GC heap before
{Heap before GC invocations=10 (full 0):
 PSYoungGen      total 147456K, used 136318K [0x00000000f5500000, 0x0000000100000000, 0x0000000100000000)
  eden space 119808K, 100% used [0x00000000f5500000,0x00000000fca00000,0x00000000fca00000)
  from space 27648K, 59% used [0x00000000fca00000,0x00000000fda1f948,0x00000000fe500000)
  to   space 27136K, 0% used [0x00000000fe580000,0x00000000fe580000,0x0000000100000000)
 ParOldGen       total 87552K, used 44577K [0x00000000e0000000, 0x00000000e5580000, 0x00000000f5500000)
  object space 87552K, 50% used [0x00000000e0000000,0x00000000e2b887e0,0x00000000e5580000)
 PSPermGen       total 24064K, used 23751K [0x00000000d8000000, 0x00000000d9780000, 0x00000000e0000000)
  object space 24064K, 98% used [0x00000000d8000000,0x00000000d9731f38,0x00000000d9780000)
Event: 11.436 GC heap after
Heap after GC invocations=10 (full 0):
 PSYoungGen      total 144896K, used 13946K [0x00000000f5500000, 0x00000000ffd80000, 0x0000000100000000)
  eden space 120320K, 0% used [0x00000000f5500000,0x00000000f5500000,0x00000000fca80000)
  from space 24576K, 56% used [0x00000000fe580000,0x00000000ff31ebc0,0x00000000ffd80000)
  to   space 26112K, 0% used [0x00000000fca80000,0x00000000fca80000,0x00000000fe400000)
 ParOldGen       total 87552K, used 56493K [0x00000000e0000000, 0x00000000e5580000, 0x00000000f5500000)
  object space 87552K, 64% used [0x00000000e0000000,0x00000000e372b4d0,0x00000000e5580000)
 PSPermGen       total 24064K, used 23751K [0x00000000d8000000, 0x00000000d9780000, 0x00000000e0000000)
  object space 24064K, 98% used [0x00000000d8000000,0x00000000d9731f38,0x00000000d9780000)
}
Event: 12.055 GC heap before
{Heap before GC invocations=11 (full 0):
 PSYoungGen      total 144896K, used 134266K [0x00000000f5500000, 0x00000000ffd80000, 0x0000000100000000)
  eden space 120320K, 100% used [0x00000000f5500000,0x00000000fca80000,0x00000000fca80000)
  from space 24576K, 56% used [0x00000000fe580000,0x00000000ff31ebc0,0x00000000ffd80000)
  to   space 26112K, 0% used [0x00000000fca80000,0x00000000fca80000,0x00000000fe400000)
 ParOldGen       total 87552K, used 56493K [0x00000000e0000000, 0x00000000e5580000, 0x00000000f5500000)
  object space 87552K, 64% used [0x00000000e0000000,0x00000000e372b4d0,0x00000000e5580000)
 PSPermGen       total 24064K, used 23783K [0x00000000d8000000, 0x00000000d9780000, 0x00000000e0000000)
  object space 24064K, 98% used [0x00000000d8000000,0x00000000d9739de8,0x00000000d9780000)
Event: 12.097 GC heap after
Heap after GC invocations=11 (full 0):
 PSYoungGen      total 146432K, used 10205K [0x00000000f5500000, 0x0000000100000000, 0x0000000100000000)
  eden space 120320K, 0% used [0x00000000f5500000,0x00000000f5500000,0x00000000fca80000)
  from space 26112K, 39% used [0x00000000fca80000,0x00000000fd477588,0x00000000fe400000)
  to   space 25600K, 0% used [0x00000000fe700000,0x00000000fe700000,0x0000000100000000)
 ParOldGen       total 87552K, used 68457K [0x00000000e0000000, 0x00000000e5580000, 0x00000000f5500000)
  object space 87552K, 78% used [0x00000000e0000000,0x00000000e42da758,0x00000000e5580000)
 PSPermGen       total 24064K, used 23783K [0x00000000d8000000, 0x00000000d9780000, 0x00000000e0000000)
  object space 24064K, 98% used [0x00000000d8000000,0x00000000d9739de8,0x00000000d9780000)
}
Event: 12.610 GC heap before
{Heap before GC invocations=12 (full 0):
 PSYoungGen      total 146432K, used 130525K [0x00000000f5500000, 0x0000000100000000, 0x0000000100000000)
  eden space 120320K, 100% used [0x00000000f5500000,0x00000000fca80000,0x00000000fca80000)
  from space 26112K, 39% used [0x00000000fca80000,0x00000000fd477588,0x00000000fe400000)
  to   space 25600K, 0% used [0x00000000fe700000,0x00000000fe700000,0x0000000100000000)
 ParOldGen       total 87552K, used 68457K [0x00000000e0000000, 0x00000000e5580000, 0x00000000f5500000)
  object space 87552K, 78% used [0x00000000e0000000,0x00000000e42da758,0x00000000e5580000)
 PSPermGen       total 24064K, used 23787K [0x00000000d8000000, 0x00000000d9780000, 0x00000000e0000000)
  object space 24064K, 98% used [0x00000000d8000000,0x00000000d973aed8,0x00000000d9780000)
Event: 12.626 GC heap after
Heap after GC invocations=12 (full 0):
 PSYoungGen      total 146432K, used 13106K [0x00000000f5500000, 0x00000000ffd80000, 0x0000000100000000)
  eden space 123392K, 0% used [0x00000000f5500000,0x00000000f5500000,0x00000000fcd80000)
  from space 23040K, 56% used [0x00000000fe700000,0x00000000ff3cc878,0x00000000ffd80000)
  to   space 24576K, 0% used [0x00000000fcd80000,0x00000000fcd80000,0x00000000fe580000)
 ParOldGen       total 87552K, used 73964K [0x00000000e0000000, 0x00000000e5580000, 0x00000000f5500000)
  object space 87552K, 84% used [0x00000000e0000000,0x00000000e483b190,0x00000000e5580000)
 PSPermGen       total 24064K, used 23787K [0x00000000d8000000, 0x00000000d9780000, 0x00000000e0000000)
  object space 24064K, 98% used [0x00000000d8000000,0x00000000d973aed8,0x00000000d9780000)
}
Event: 12.626 GC heap before
{Heap before GC invocations=13 (full 1):
 PSYoungGen      total 146432K, used 13106K [0x00000000f5500000, 0x00000000ffd80000, 0x0000000100000000)
  eden space 123392K, 0% used [0x00000000f5500000,0x00000000f5500000,0x00000000fcd80000)
  from space 23040K, 56% used [0x00000000fe700000,0x00000000ff3cc878,0x00000000ffd80000)
  to   space 24576K, 0% used [0x00000000fcd80000,0x00000000fcd80000,0x00000000fe580000)
 ParOldGen       total 87552K, used 73964K [0x00000000e0000000, 0x00000000e5580000, 0x00000000f5500000)
  object space 87552K, 84% used [0x00000000e0000000,0x00000000e483b190,0x00000000e5580000)
 PSPermGen       total 24064K, used 23787K [0x00000000d8000000, 0x00000000d9780000, 0x00000000e0000000)
  object space 24064K, 98% used [0x00000000d8000000,0x00000000d973aed8,0x00000000d9780000)

Deoptimization events (10 events):
Event: 10.999 Thread 0x000000000901d000 Uncommon trap: reason=class_check action=maybe_recompile pc=0x00000000024966d0 method=com.sun.beans.TypeResolver.resolve(Ljava/lang/reflect/Type;[Ljava/lang/reflect/Type;)[Ljava/lang/reflect/Type; @ 28
Event: 10.999 Thread 0x000000000901d000 Uncommon trap: reason=class_check action=maybe_recompile pc=0x0000000002496684 method=com.sun.beans.TypeResolver.resolve(Ljava/lang/reflect/Type;Ljava/lang/reflect/Type;)Ljava/lang/reflect/Type; @ 59
Event: 10.999 Thread 0x000000000901d000 Uncommon trap: reason=class_check action=maybe_recompile pc=0x00000000024966d0 method=com.sun.beans.TypeResolver.resolve(Ljava/lang/reflect/Type;[Ljava/lang/reflect/Type;)[Ljava/lang/reflect/Type; @ 28
Event: 11.040 Thread 0x000000000901d000 Uncommon trap: reason=class_check action=maybe_recompile pc=0x0000000002496684 method=com.sun.beans.TypeResolver.resolve(Ljava/lang/reflect/Type;Ljava/lang/reflect/Type;)Ljava/lang/reflect/Type; @ 59
Event: 11.040 Thread 0x000000000901d000 Uncommon trap: reason=class_check action=maybe_recompile pc=0x00000000024966d0 method=com.sun.beans.TypeResolver.resolve(Ljava/lang/reflect/Type;[Ljava/lang/reflect/Type;)[Ljava/lang/reflect/Type; @ 28
Event: 11.040 Thread 0x000000000901d000 Uncommon trap: reason=class_check action=maybe_recompile pc=0x0000000002496684 method=com.sun.beans.TypeResolver.resolve(Ljava/lang/reflect/Type;Ljava/lang/reflect/Type;)Ljava/lang/reflect/Type; @ 59
Event: 11.165 Thread 0x000000000901d000 Uncommon trap: reason=class_check action=maybe_recompile pc=0x00000000023ed324 method=java.util.HashMap$EntrySet.iterator()Ljava/util/Iterator; @ 4
Event: 11.166 Thread 0x000000000901d000 Uncommon trap: reason=class_check action=maybe_recompile pc=0x00000000023ed324 method=java.util.HashMap$EntrySet.iterator()Ljava/util/Iterator; @ 4
Event: 11.179 Thread 0x000000000901d000 Uncommon trap: reason=class_check action=maybe_recompile pc=0x00000000023a09a4 method=com.sun.org.apache.xerces.internal.impl.XMLDocumentFragmentScannerImpl.scanDocument(Z)Z @ 103
Event: 11.280 Thread 0x000000000901d000 Uncommon trap: reason=unreached action=reinterpret pc=0x000000000248a950 method=weblogic.jsp.internal.jsp.JspScriptTransform$TransformContext.append(Ljava/lang/String;)V @ 7

Internal exceptions (10 events):
Event: 11.280 Thread 0x000000000901d000 Implicit null exception at 0x000000000248a52b to 0x000000000248a935
Event: 11.281 Thread 0x000000000901d000 Threw 0x00000000fc00b1c0 at C:\re\jdk7u60\1081\hotspot\src\share\vm\prims\jvm.cpp:1244
Event: 11.331 Thread 0x000000000925f800 Threw 0x00000000fc118a10 at C:\re\jdk7u60\1081\hotspot\src\share\vm\interpreter\interpreterRuntime.cpp:347
Event: 11.332 Thread 0x000000000925f800 Threw 0x00000000fc1198b0 at C:\re\jdk7u60\1081\hotspot\src\share\vm\prims\jvm.cpp:1244
Event: 11.333 Thread 0x000000000925f800 Threw 0x00000000fc12fef0 at C:\re\jdk7u60\1081\hotspot\src\share\vm\prims\jvm.cpp:1244
Event: 11.335 Thread 0x000000000925f800 Threw 0x00000000fc141e68 at C:\re\jdk7u60\1081\hotspot\src\share\vm\prims\jvm.cpp:1244
Event: 11.336 Thread 0x000000000925f800 Threw 0x00000000fc159220 at C:\re\jdk7u60\1081\hotspot\src\share\vm\prims\jvm.cpp:1244
Event: 11.341 Thread 0x000000000925f800 Threw 0x00000000fc198b80 at C:\re\jdk7u60\1081\hotspot\src\share\vm\prims\jvm.cpp:1244
Event: 11.341 Thread 0x000000000925f800 Threw 0x00000000fc1a1c18 at C:\re\jdk7u60\1081\hotspot\src\share\vm\prims\jvm.cpp:1244
Event: 11.506 Thread 0x000000000925e800 Threw 0x00000000f5693358 at C:\re\jdk7u60\1081\hotspot\src\share\vm\interpreter\interpreterRuntime.cpp:347

Events (10 events):
Event: 12.055 Executing VM operation: ParallelGCFailedAllocation
Event: 12.097 Executing VM operation: ParallelGCFailedAllocation done
Event: 12.295 Thread 0x000000000713b800 flushing nmethod 0x000000000238c150
Event: 12.335 Thread 0x0000000007136800 flushing nmethod 0x00000000023fe2d0
Event: 12.353 Thread 0x0000000007136800 flushing nmethod 0x000000000245e790
Event: 12.353 Thread 0x0000000007136800 flushing nmethod 0x000000000246db50
Event: 12.353 Thread 0x0000000007136800 flushing nmethod 0x000000000246e9d0
Event: 12.370 Thread 0x0000000007136800 flushing nmethod 0x0000000002470e10
Event: 12.370 Thread 0x0000000007136800 flushing nmethod 0x000000000247e010
Event: 12.610 Executing VM operation: ParallelGCFailedAllocation


Dynamic libraries:
0x000000013f680000 - 0x000000013f6b3000 	C:\Program Files\Java\jdk1.7.0_60\jre\bin\javaw.exe
0x0000000077500000 - 0x00000000776a9000 	C:\Windows\SYSTEM32\ntdll.dll
0x00000000772e0000 - 0x00000000773ff000 	C:\Windows\system32\kernel32.dll
0x000007fefd560000 - 0x000007fefd5cb000 	C:\Windows\system32\KERNELBASE.dll
0x000007feff730000 - 0x000007feff80b000 	C:\Windows\system32\ADVAPI32.dll
0x000007feff0d0000 - 0x000007feff16f000 	C:\Windows\system32\msvcrt.dll
0x000007fefda00000 - 0x000007fefda1f000 	C:\Windows\SYSTEM32\sechost.dll
0x000007fefe970000 - 0x000007fefea9d000 	C:\Windows\system32\RPCRT4.dll
0x0000000077400000 - 0x00000000774fa000 	C:\Windows\system32\USER32.dll
0x000007fefe900000 - 0x000007fefe967000 	C:\Windows\system32\GDI32.dll
0x000007fefd950000 - 0x000007fefd95e000 	C:\Windows\system32\LPK.dll
0x000007fefe7b0000 - 0x000007fefe879000 	C:\Windows\system32\USP10.dll
0x000007fefbcd0000 - 0x000007fefbec4000 	C:\Windows\WinSxS\amd64_microsoft.windows.common-controls_6595b64144ccf1df_6.0.7601.17514_none_fa396087175ac9ac\COMCTL32.dll
0x000007fefe880000 - 0x000007fefe8f1000 	C:\Windows\system32\SHLWAPI.dll
0x000007fefed30000 - 0x000007fefed5e000 	C:\Windows\system32\IMM32.DLL
0x000007fefec20000 - 0x000007fefed29000 	C:\Windows\system32\MSCTF.dll
0x000007fefd390000 - 0x000007fefd442000 	C:\Windows\system32\Scdetour.dll
0x000000000f000000 - 0x000000000f006000 	C:\Windows\system32\detoured.dll
0x00000000776c0000 - 0x00000000776c7000 	C:\Windows\system32\PSAPI.DLL
0x000000006afc0000 - 0x000000006b092000 	C:\Program Files\Java\jdk1.7.0_60\jre\bin\msvcr100.dll
0x0000000065260000 - 0x0000000065a32000 	C:\Program Files\Java\jdk1.7.0_60\jre\bin\server\jvm.dll
0x000007fef9890000 - 0x000007fef9899000 	C:\Windows\system32\WSOCK32.dll
0x000007fefd820000 - 0x000007fefd86d000 	C:\Windows\system32\WS2_32.dll
0x000007feff700000 - 0x000007feff708000 	C:\Windows\system32\NSI.dll
0x000007fefb2f0000 - 0x000007fefb32b000 	C:\Windows\system32\WINMM.dll
0x0000000073ee0000 - 0x0000000073eef000 	C:\Program Files\Java\jdk1.7.0_60\jre\bin\verify.dll
0x0000000071840000 - 0x0000000071868000 	C:\Program Files\Java\jdk1.7.0_60\jre\bin\java.dll
0x0000000071820000 - 0x0000000071835000 	C:\Program Files\Java\jdk1.7.0_60\jre\bin\zip.dll
0x00000000728e0000 - 0x00000000728f9000 	C:\Program Files\Java\jdk1.7.0_60\jre\bin\net.dll
0x000007fefcbc0000 - 0x000007fefcc15000 	C:\Windows\system32\mswsock.dll
0x000007fefcbb0000 - 0x000007fefcbb7000 	C:\Windows\System32\wship6.dll
0x000007fefb0d0000 - 0x000007fefb0e5000 	C:\Windows\system32\NLAapi.dll
0x000007fef9550000 - 0x000007fef9565000 	C:\Windows\system32\napinsp.dll
0x000007fef9530000 - 0x000007fef9549000 	C:\Windows\system32\pnrpnsp.dll
0x000007fefca40000 - 0x000007fefca9b000 	C:\Windows\system32\DNSAPI.dll
0x000007fef8b20000 - 0x000007fef8b2b000 	C:\Windows\System32\winrnr.dll
0x000007fef8b10000 - 0x000007fef8b20000 	C:\Windows\system32\wshbth.dll
0x000007fef8ae0000 - 0x000007fef8b0f000 	C:\Program Files\Common Files\Microsoft Shared\Windows Live\WLIDNSP.DLL
0x000007fefc420000 - 0x000007fefc427000 	C:\Windows\System32\wshtcpip.dll
0x000007fefaeb0000 - 0x000007fefaed7000 	C:\Windows\system32\IPHLPAPI.DLL
0x000007fefaea0000 - 0x000007fefaeab000 	C:\Windows\system32\WINNSI.DLL
0x000007fef9590000 - 0x000007fef9598000 	C:\Windows\system32\rasadhlp.dll
0x000007fefad90000 - 0x000007fefade3000 	C:\Windows\System32\fwpuclnt.dll
0x0000000071800000 - 0x0000000071811000 	C:\Program Files\Java\jdk1.7.0_60\jre\bin\nio.dll
0x000007fef0b30000 - 0x000007fef0c55000 	C:\Windows\system32\dbghelp.dll

VM Arguments:
jvm_args: -Xms128m -Xmx512m -XX:MaxPermSize=128m -Xverify:none -Dweblogic.jsp.diagnosticWithAbsolutePath=true -Dweblogic.classloader.noJarSigners=true 
java_command: weblogic.appc @C:\Users\ADMINI~1\AppData\Local\Temp\appcCommandList8415710036093062014.txt
Launcher Type: SUN_STANDARD

Environment Variables:
JAVA_HOME=C:\Program Files\Java\jdk1.7.0_60
PATH=C:\Program Files\Common Files\Microsoft Shared\Windows Live;C:\Program Files (x86)\Common Files\Microsoft Shared\Windows Live;C:\Windows\system32;C:\Windows;C:\Windows\System32\Wbem;C:\Windows\System32\WindowsPowerShell\v1.0\;C:\Program Files (x86)\Windows Live\Shared;C:\Program Files\Java\jdk1.7.0_60\bin
USERNAME=Administrator
OS=Windows_NT
PROCESSOR_IDENTIFIER=Intel64 Family 6 Model 37 Stepping 5, GenuineIntel



---------------  S Y S T E M  ---------------

OS: Windows 7 , 64 bit Build 7601 Service Pack 1

CPU:total 4 (2 cores per cpu, 2 threads per core) family 6 model 37 stepping 5, cmov, cx8, fxsr, mmx, sse, sse2, sse3, ssse3, sse4.1, sse4.2, popcnt, ht, tsc, tscinvbit

Memory: 4k page, physical 8146496k(2628752k free), swap 16291148k(10442944k free)

vm_info: Java HotSpot(TM) 64-Bit Server VM (24.60-b09) for windows-amd64 JRE (1.7.0_60-b19), built on May  7 2014 12:55:18 by "java_re" with unknown MS VC++:1600

time: Tue Nov 25 16:10:56 2014
elapsed time: 12 seconds

