#
# A fatal error has been detected by the Java Runtime Environment:
#
#  SIGSEGV (0xb) at pc=0x00007f0a1233fe17, pid=19166, tid=139681203357440
#
# JRE version: Java(TM) SE Runtime Environment (7.0_67-b01) (build 1.7.0_67-b01)
# Java VM: Java HotSpot(TM) 64-Bit Server VM (24.65-b04 mixed mode linux-amd64 compressed oops)
# Problematic frame:
# V  [libjvm.so+0x885e17]  oopDesc* PSPromotionManager::copy_to_survivor_space<false>(oopDesc*)+0x177
#
# Failed to write core dump. Core dumps have been disabled. To enable core dumping, try "ulimit -c unlimited" before starting Java again
#
# If you would like to submit a bug report, please visit:
#   http://bugreport.sun.com/bugreport/crash.jsp
#

---------------  T H R E A D  ---------------

Current thread (0x00007f0a0c024000):  GCTaskThread [stack: 0x00007f0a10720000,0x00007f0a10821000] [id=19175]

siginfo:si_signo=SIGSEGV: si_errno=0, si_code=1 (SEGV_MAPERR), si_addr=0x0000000000610082

Registers:
RAX=0x00007f0a128da9a0, RBX=0x00000000f779c6a0, RCX=0x0000000000000000, RDX=0x000000000061006a
RSP=0x00007f0a1081f920, RBP=0x00007f0a1081f990, RSI=0x00000000f7c496e8, RDI=0x000000000061007a
R8 =0x0000000000000001, R9 =0x00007f0a128f6178, R10=0x00000000f775f328, R11=0x00007f0a12aad680
R12=0x00000000f7c496e8, R13=0x002e0073006e002e, R14=0x0000000000000000, R15=0x00007f0a0c0664c0
RIP=0x00007f0a1233fe17, EFLAGS=0x0000000000010206, CSGSFS=0x0000000000000033, ERR=0x0000000000000004
  TRAPNO=0x000000000000000e

Top of Stack: (sp=0x00007f0a1081f920)
0x00007f0a1081f920:   00007f0a1081f9a0 00007f0a128f6178
0x00007f0a1081f930:   0000000000000060 00007f0a0c066450
0x00007f0a1081f940:   00000000f7785205 00007f0a122b5bcf
0x00007f0a1081f950:   00000000f5c5851a 0000000000001000
0x00007f0a1081f960:   00000000d803aa78 00000000f779c6a0
0x00007f0a1081f970:   00007f0a0c066450 00007f0a128da9a0
0x00007f0a1081f980:   0000000000000000 00007f0a0c0664c0
0x00007f0a1081f990:   00007f0a1081fa80 00007f0a1233f5f0
0x00007f0a1081f9a0:   00000000f7b12820 00007f0a1081fa10
0x00007f0a1081f9b0:   00007f0a1081fa20 00007f0a1081f9e0
0x00007f0a1081f9c0:   00007f0a1081f9f0 00007f0a1081fa40
0x00007f0a1081f9d0:   00000000e058bcb5 00007f0a0c0664f0
0x00007f0a1081f9e0:   00000000d8775530 00007f0a0c066450
0x00007f0a1081f9f0:   00000000e058bd05 00007f0a1206c7d8
0x00007f0a1081fa00:   00000000e058bcb5 00007f0a0c0664b8
0x00007f0a1081fa10:   0000000000000000 00007f0a129185a0
0x00007f0a1081fa20:   0000000000000000 0000000000000001
0x00007f0a1081fa30:   00007f0a0c0245a0 00007f0a124cc4a8
0x00007f0a1081fa40:   00000000f779c6a1 00007f0a12342c8d
0x00007f0a1081fa50:   00007f0a0c01dfb0 00007f0a0c0264d0
0x00007f0a1081fa60:   00007f0a0c066450 0000000000000001
0x00007f0a1081fa70:   00007f0a0c0245a0 00007f0a124cc4a8
0x00007f0a1081fa80:   00007f0a1081fb30 00007f0a123431e2
0x00007f0a1081fa90:   00000000e06c2958 0000000000000200
0x00007f0a1081faa0:   00000000e07062a0 00007f0a10c51e66
0x00007f0a1081fab0:   00007f0a0c01df90 00007f0a0c024000
0x00007f0a1081fac0:   00007f0a128b7950 0000000000000000
0x00007f0a1081fad0:   0000000000000000 00007f0a0c066450
0x00007f0a1081fae0:   00007f0a128b7770 00007f0a0c026400
0x00007f0a1081faf0:   0000000000000000 00007f0a0c066450
0x00007f0a1081fb00:   00007f0a1081fb30 00007f0a0c0264d0
0x00007f0a1081fb10:   00007f0a0c024000 0000000000000001 

Instructions: (pc=0x00007f0a1233fe17)
0x00007f0a1233fdf7:   83 f8 05 75 d3 31 db eb d6 48 8b 05 31 de 57 00
0x00007f0a1233fe07:   8b 56 08 8b 48 08 48 d3 e2 48 03 10 48 8d 7a 10
0x00007f0a1233fe17:   8b 77 08 83 fe 00 0f 8f db fe ff ff 0f 85 07 03
0x00007f0a1233fe27:   00 00 0f 1f 80 00 00 00 00 48 8b 07 4c 89 e6 4c 

Register to memory mapping:

RAX=0x00007f0a128da9a0: <offset 0xe209a0> in /usr/java/jdk1.7.0_67/jre/lib/amd64/server/libjvm.so at 0x00007f0a11aba000
RBX=0x00000000f779c6a0 is an unknown value
RCX=0x0000000000000000 is an unknown value
RDX=0x000000000061006a is an unknown value
RSP=0x00007f0a1081f920 is an unknown value
RBP=0x00007f0a1081f990 is an unknown value
RSI=0x00000000f7c496e8 is an unknown value
RDI=0x000000000061007a is an unknown value
R8 =0x0000000000000001 is an unknown value
R9 =0x00007f0a128f6178: <offset 0xe3c178> in /usr/java/jdk1.7.0_67/jre/lib/amd64/server/libjvm.so at 0x00007f0a11aba000
R10=0x00000000f775f328 is an oop
com.bea.xml.SchemaType$Ref 
 - klass: 'com/bea/xml/SchemaType$Ref'
R11=0x00007f0a12aad680: <offset 0x17f680> in /lib64/libc.so.6 at 0x00007f0a1292e000
R12=0x00000000f7c496e8 is an unknown value
R13=0x002e0073006e002e is an unknown value
R14=0x0000000000000000 is an unknown value
R15=0x00007f0a0c0664c0 is an unknown value


Stack: [0x00007f0a10720000,0x00007f0a10821000],  sp=0x00007f0a1081f920,  free space=1022k
Native frames: (J=compiled Java code, j=interpreted, Vv=VM code, C=native code)
V  [libjvm.so+0x885e17]  oopDesc* PSPromotionManager::copy_to_survivor_space<false>(oopDesc*)+0x177
V  [libjvm.so+0x8855f0]  PSPromotionManager::drain_stacks_depth(bool)+0x7c0
V  [libjvm.so+0x8891e2]  ScavengeRootsTask::do_it(GCTaskManager*, unsigned int)+0x92
V  [libjvm.so+0x55704f]  GCTaskThread::run()+0x12f
V  [libjvm.so+0x81f988]  java_start(Thread*)+0x108


---------------  P R O C E S S  ---------------

Java Threads: ( => current thread )
  0x00007f0a0c095000 JavaThread "Service Thread" daemon [_thread_blocked, id=19183, stack(0x00007f0a026fb000,0x00007f0a027fc000)]
  0x00007f0a0c092800 JavaThread "C2 CompilerThread1" daemon [_thread_blocked, id=19182, stack(0x00007f0a027fc000,0x00007f0a028fd000)]
  0x00007f0a0c08f800 JavaThread "C2 CompilerThread0" daemon [_thread_blocked, id=19181, stack(0x00007f0a028fd000,0x00007f0a029fe000)]
  0x00007f0a0c08e000 JavaThread "Signal Dispatcher" daemon [_thread_blocked, id=19180, stack(0x00007f0a029fe000,0x00007f0a02aff000)]
  0x00007f0a0c06e800 JavaThread "Finalizer" daemon [_thread_blocked, id=19179, stack(0x00007f0a02aff000,0x00007f0a02c00000)]
  0x00007f0a0c06c800 JavaThread "Reference Handler" daemon [_thread_blocked, id=19178, stack(0x00007f0a080f1000,0x00007f0a081f2000)]
  0x00007f0a0c008800 JavaThread "main" [_thread_blocked, id=19171, stack(0x00007f0a13424000,0x00007f0a13525000)]

Other Threads:
  0x00007f0a0c068800 VMThread [stack: 0x00007f0a081f2000,0x00007f0a082f3000] [id=19177]
  0x00007f0a0c09f800 WatcherThread [stack: 0x00007f0a025fa000,0x00007f0a026fb000] [id=19184]

=>0x00007f0a0c024000 (exited) GCTaskThread [stack: 0x00007f0a10720000,0x00007f0a10821000] [id=19175]

VM state:at safepoint (normal execution)

VM Mutex/Monitor currently owned by a thread:  ([mutex/lock_event])
[0x00007f0a0c0061f0] Threads_lock - owner thread: 0x00007f0a0c068800
[0x00007f0a0c0066f0] Heap_lock - owner thread: 0x00007f0a0c008800

Heap
 PSYoungGen      total 38912K, used 38906K [0x00000000f5500000, 0x00000000f8000000, 0x0000000100000000)
  eden space 33792K, 100% used [0x00000000f5500000,0x00000000f7600000,0x00000000f7600000)
  from space 5120K, 99% used [0x00000000f7b00000,0x00000000f7ffea50,0x00000000f8000000)
  to   space 5120K, 99% used [0x00000000f7600000,0x00000000f7afea50,0x00000000f7b00000)
 ParOldGen       total 87552K, used 7812K [0x00000000e0000000, 0x00000000e5580000, 0x00000000f5500000)
  object space 87552K, 8% used [0x00000000e0000000,0x00000000e07a12b0,0x00000000e5580000)
 PSPermGen       total 21504K, used 13329K [0x00000000d8000000, 0x00000000d9500000, 0x00000000e0000000)
  object space 21504K, 61% used [0x00000000d8000000,0x00000000d8d04600,0x00000000d9500000)

Card table byte_map: [0x00007f0a10c0f000,0x00007f0a10d50000] byte_map_base: 0x00007f0a1054f000

Polling page: 0x00007f0a13542000

Code Cache  [0x00007f0a09000000, 0x00007f0a09270000, 0x00007f0a0c000000)
 total_blobs=488 nmethods=224 adapters=217 free_code_cache=48212Kb largest_free_block=49314112

Compilation events (10 events):
Event: 30.194 Thread 0x00007f0a0c092800 nmethod 228 0x00007f0a090e0490 code [0x00007f0a090e05e0, 0x00007f0a090e07f8]
Event: 30.194 Thread 0x00007f0a0c092800  232             java.io.File::isInvalid (47 bytes)
Event: 30.198 Thread 0x00007f0a0c092800 nmethod 232 0x00007f0a090e0050 code [0x00007f0a090e01a0, 0x00007f0a090e0358]
Event: 30.198 Thread 0x00007f0a0c092800  233             weblogic.application.utils.AnnotationDetector::scan (157 bytes)
Event: 30.210 Thread 0x00007f0a0c08f800 nmethod 231 0x00007f0a09072910 code [0x00007f0a09072b20, 0x00007f0a090738b8]
Event: 30.341 Thread 0x00007f0a0c092800 nmethod 233 0x00007f0a090eec10 code [0x00007f0a090ef360, 0x00007f0a090f3908]
Event: 31.051 Thread 0x00007f0a0c08f800  234             java.nio.DirectLongBufferU::ix (10 bytes)
Event: 31.052 Thread 0x00007f0a0c08f800 nmethod 234 0x00007f0a090dbfd0 code [0x00007f0a090dc100, 0x00007f0a090dc158]
Event: 33.329 Thread 0x00007f0a0c092800  235             java.io.File::getName (42 bytes)
Event: 33.336 Thread 0x00007f0a0c092800 nmethod 235 0x00007f0a090c0990 code [0x00007f0a090c0b00, 0x00007f0a090c0fc8]

GC Heap History (5 events):
Event: 17.906 GC heap before
{Heap before GC invocations=1 (full 0):
 PSYoungGen      total 38912K, used 33792K [0x00000000f5500000, 0x00000000f8000000, 0x0000000100000000)
  eden space 33792K, 100% used [0x00000000f5500000,0x00000000f7600000,0x00000000f7600000)
  from space 5120K, 0% used [0x00000000f7b00000,0x00000000f7b00000,0x00000000f8000000)
  to   space 5120K, 0% used [0x00000000f7600000,0x00000000f7600000,0x00000000f7b00000)
 ParOldGen       total 87552K, used 0K [0x00000000e0000000, 0x00000000e5580000, 0x00000000f5500000)
  object space 87552K, 0% used [0x00000000e0000000,0x00000000e0000000,0x00000000e5580000)
 PSPermGen       total 21504K, used 7420K [0x00000000d8000000, 0x00000000d9500000, 0x00000000e0000000)
  object space 21504K, 34% used [0x00000000d8000000,0x00000000d873f170,0x00000000d9500000)
Event: 17.918 GC heap after
Heap after GC invocations=1 (full 0):
 PSYoungGen      total 38912K, used 5117K [0x00000000f5500000, 0x00000000f8000000, 0x0000000100000000)
  eden space 33792K, 0% used [0x00000000f5500000,0x00000000f5500000,0x00000000f7600000)
  from space 5120K, 99% used [0x00000000f7600000,0x00000000f7aff4f8,0x00000000f7b00000)
  to   space 5120K, 0% used [0x00000000f7b00000,0x00000000f7b00000,0x00000000f8000000)
 ParOldGen       total 87552K, used 1724K [0x00000000e0000000, 0x00000000e5580000, 0x00000000f5500000)
  object space 87552K, 1% used [0x00000000e0000000,0x00000000e01af228,0x00000000e5580000)
 PSPermGen       total 21504K, used 7420K [0x00000000d8000000, 0x00000000d9500000, 0x00000000e0000000)
  object space 21504K, 34% used [0x00000000d8000000,0x00000000d873f170,0x00000000d9500000)
}
Event: 26.355 GC heap before
{Heap before GC invocations=2 (full 0):
 PSYoungGen      total 38912K, used 38909K [0x00000000f5500000, 0x00000000f8000000, 0x0000000100000000)
  eden space 33792K, 100% used [0x00000000f5500000,0x00000000f7600000,0x00000000f7600000)
  from space 5120K, 99% used [0x00000000f7600000,0x00000000f7aff4f8,0x00000000f7b00000)
  to   space 5120K, 0% used [0x00000000f7b00000,0x00000000f7b00000,0x00000000f8000000)
 ParOldGen       total 87552K, used 1724K [0x00000000e0000000, 0x00000000e5580000, 0x00000000f5500000)
  object space 87552K, 1% used [0x00000000e0000000,0x00000000e01af228,0x00000000e5580000)
 PSPermGen       total 21504K, used 11456K [0x00000000d8000000, 0x00000000d9500000, 0x00000000e0000000)
  object space 21504K, 53% used [0x00000000d8000000,0x00000000d8b30210,0x00000000d9500000)
Event: 26.403 GC heap after
Heap after GC invocations=2 (full 0):
 PSYoungGen      total 38912K, used 5114K [0x00000000f5500000, 0x00000000f8000000, 0x0000000100000000)
  eden space 33792K, 0% used [0x00000000f5500000,0x00000000f5500000,0x00000000f7600000)
  from space 5120K, 99% used [0x00000000f7b00000,0x00000000f7ffea50,0x00000000f8000000)
  to   space 5120K, 0% used [0x00000000f7600000,0x00000000f7600000,0x00000000f7b00000)
 ParOldGen       total 87552K, used 7192K [0x00000000e0000000, 0x00000000e5580000, 0x00000000f5500000)
  object space 87552K, 8% used [0x00000000e0000000,0x00000000e07062a0,0x00000000e5580000)
 PSPermGen       total 21504K, used 11456K [0x00000000d8000000, 0x00000000d9500000, 0x00000000e0000000)
  object space 21504K, 53% used [0x00000000d8000000,0x00000000d8b30210,0x00000000d9500000)
}
Event: 34.208 GC heap before
{Heap before GC invocations=3 (full 0):
 PSYoungGen      total 38912K, used 38906K [0x00000000f5500000, 0x00000000f8000000, 0x0000000100000000)
  eden space 33792K, 100% used [0x00000000f5500000,0x00000000f7600000,0x00000000f7600000)
  from space 5120K, 99% used [0x00000000f7b00000,0x00000000f7ffea50,0x00000000f8000000)
  to   space 5120K, 0% used [0x00000000f7600000,0x00000000f7600000,0x00000000f7b00000)
 ParOldGen       total 87552K, used 7192K [0x00000000e0000000, 0x00000000e5580000, 0x00000000f5500000)
  object space 87552K, 8% used [0x00000000e0000000,0x00000000e07062a0,0x00000000e5580000)
 PSPermGen       total 21504K, used 13329K [0x00000000d8000000, 0x00000000d9500000, 0x00000000e0000000)
  object space 21504K, 61% used [0x00000000d8000000,0x00000000d8d04600,0x00000000d9500000)

Deoptimization events (10 events):
Event: 25.723 Thread 0x00007f0a0c008800 Uncommon trap: reason=predicate action=maybe_recompile pc=0x00007f0a090c30f8 method=java.util.Arrays.fill([Ljava/lang/Object;IILjava/lang/Object;)V @ 16
Event: 26.285 Thread 0x00007f0a0c008800 Uncommon trap: reason=unreached action=reinterpret pc=0x00007f0a090a8ecc method=java.lang.AbstractStringBuilder.append(Ljava/lang/String;)Ljava/lang/AbstractStringBuilder; @ 1
Event: 26.302 Thread 0x00007f0a0c008800 Uncommon trap: reason=unreached action=reinterpret pc=0x00007f0a0908e90c method=java.lang.AbstractStringBuilder.append(Ljava/lang/String;)Ljava/lang/AbstractStringBuilder; @ 1
Event: 26.727 Thread 0x00007f0a0c008800 Uncommon trap: reason=class_check action=maybe_recompile pc=0x00007f0a090c21c0 method=java.io.FilterInputStream.read([BII)I @ 7
Event: 26.727 Thread 0x00007f0a0c008800 Uncommon trap: reason=class_check action=maybe_recompile pc=0x00007f0a090c21c0 method=java.io.FilterInputStream.read([BII)I @ 7
Event: 26.727 Thread 0x00007f0a0c008800 Uncommon trap: reason=class_check action=maybe_recompile pc=0x00007f0a090c21c0 method=java.io.FilterInputStream.read([BII)I @ 7
Event: 26.727 Thread 0x00007f0a0c008800 Uncommon trap: reason=class_check action=maybe_recompile pc=0x00007f0a090c21c0 method=java.io.FilterInputStream.read([BII)I @ 7
Event: 26.917 Thread 0x00007f0a0c008800 Uncommon trap: reason=array_check action=maybe_recompile pc=0x00007f0a090d87f4 method=java.util.Arrays.fill([Ljava/lang/Object;IILjava/lang/Object;)V @ 20
Event: 26.918 Thread 0x00007f0a0c008800 Uncommon trap: reason=array_check action=maybe_recompile pc=0x00007f0a090d87f4 method=java.util.Arrays.fill([Ljava/lang/Object;IILjava/lang/Object;)V @ 20
Event: 33.844 Thread 0x00007f0a0c008800 Uncommon trap: reason=unreached action=reinterpret pc=0x00007f0a090cbe7c method=java.util.HashMap.put(Ljava/lang/Object;Ljava/lang/Object;)Ljava/lang/Object; @ 77

Internal exceptions (10 events):
Event: 32.296 Thread 0x00007f0a0c008800 Threw 0x00000000f7396bb8 at /HUDSON/workspace/7u-2-build-linux-amd64/jdk7u67/1368/hotspot/src/share/vm/prims/jvm.cpp:1244
Event: 32.373 Thread 0x00007f0a0c008800 Threw 0x00000000f7398ff0 at /HUDSON/workspace/7u-2-build-linux-amd64/jdk7u67/1368/hotspot/src/share/vm/prims/jvm.cpp:1244
Event: 32.385 Thread 0x00007f0a0c008800 Threw 0x00000000f739bdf8 at /HUDSON/workspace/7u-2-build-linux-amd64/jdk7u67/1368/hotspot/src/share/vm/prims/jvm.cpp:1244
Event: 32.457 Thread 0x00007f0a0c008800 Threw 0x00000000f73a8ce0 at /HUDSON/workspace/7u-2-build-linux-amd64/jdk7u67/1368/hotspot/src/share/vm/prims/jvm.cpp:1244
Event: 32.458 Thread 0x00007f0a0c008800 Threw 0x00000000f73abfb8 at /HUDSON/workspace/7u-2-build-linux-amd64/jdk7u67/1368/hotspot/src/share/vm/prims/jvm.cpp:1244
Event: 32.492 Thread 0x00007f0a0c008800 Threw 0x00000000f73af588 at /HUDSON/workspace/7u-2-build-linux-amd64/jdk7u67/1368/hotspot/src/share/vm/prims/jvm.cpp:1244
Event: 32.547 Thread 0x00007f0a0c008800 Threw 0x00000000f73b31b8 at /HUDSON/workspace/7u-2-build-linux-amd64/jdk7u67/1368/hotspot/src/share/vm/prims/jvm.cpp:1244
Event: 32.547 Thread 0x00007f0a0c008800 Threw 0x00000000f73b8d08 at /HUDSON/workspace/7u-2-build-linux-amd64/jdk7u67/1368/hotspot/src/share/vm/prims/jvm.cpp:1244
Event: 32.580 Thread 0x00007f0a0c008800 Threw 0x00000000f73bb2c8 at /HUDSON/workspace/7u-2-build-linux-amd64/jdk7u67/1368/hotspot/src/share/vm/prims/jvm.cpp:1244
Event: 32.586 Thread 0x00007f0a0c008800 Threw 0x00000000f73be890 at /HUDSON/workspace/7u-2-build-linux-amd64/jdk7u67/1368/hotspot/src/share/vm/prims/jvm.cpp:1244

Events (10 events):
Event: 32.547 loading class 0x00007f0a0c8c5f40
Event: 32.547 loading class 0x00007f0a0c8c5f40 done
Event: 32.580 loading class 0x00007f0a0c713450
Event: 32.580 loading class 0x00007f0a0c713450 done
Event: 32.586 loading class 0x00007f0a0c151210
Event: 32.586 loading class 0x00007f0a0c151210 done
Event: 33.844 Thread 0x00007f0a0c008800 Uncommon trap: trap_request=0xffffffad fr.pc=0x00007f0a090cbe7c
Event: 33.844 Thread 0x00007f0a0c008800 DEOPT PACKING pc=0x00007f0a090cbe7c sp=0x00007f0a13522d00
Event: 33.844 Thread 0x00007f0a0c008800 DEOPT UNPACKING pc=0x00007f0a09039445 sp=0x00007f0a13522cb8 mode 2
Event: 34.208 Executing VM operation: ParallelGCFailedAllocation


Dynamic libraries:
00400000-00401000 r-xp 00000000 fd:01 67111471                           /usr/java/jdk1.7.0_67/jre/bin/java
00600000-00601000 rw-p 00000000 fd:01 67111471                           /usr/java/jdk1.7.0_67/jre/bin/java
00bd3000-00bf4000 rw-p 00000000 00:00 0                                  [heap]
d8000000-d9500000 rw-p 00000000 00:00 0 
d9500000-e0000000 rw-p 00000000 00:00 0 
e0000000-e5580000 rw-p 00000000 00:00 0 
e5580000-f5500000 rw-p 00000000 00:00 0 
f5500000-f8000000 rw-p 00000000 00:00 0 
f8000000-100000000 rw-p 00000000 00:00 0 
7f09c0000000-7f09c0021000 rw-p 00000000 00:00 0 
7f09c0021000-7f09c4000000 ---p 00000000 00:00 0 
7f09c8000000-7f09c88c9000 rw-p 00000000 00:00 0 
7f09c88c9000-7f09cc000000 ---p 00000000 00:00 0 
7f09cc000000-7f09cc021000 rw-p 00000000 00:00 0 
7f09cc021000-7f09d0000000 ---p 00000000 00:00 0 
7f09d0000000-7f09d0692000 rw-p 00000000 00:00 0 
7f09d0692000-7f09d4000000 ---p 00000000 00:00 0 
7f09d5ad9000-7f09dc000000 r--p 00000000 fd:01 134364587                  /usr/lib/locale/locale-archive
7f09dc000000-7f09dc021000 rw-p 00000000 00:00 0 
7f09dc021000-7f09e0000000 ---p 00000000 00:00 0 
7f09e0000000-7f09e0021000 rw-p 00000000 00:00 0 
7f09e0021000-7f09e4000000 ---p 00000000 00:00 0 
7f09e4000000-7f09e4021000 rw-p 00000000 00:00 0 
7f09e4021000-7f09e8000000 ---p 00000000 00:00 0 
7f09e8000000-7f09e8021000 rw-p 00000000 00:00 0 
7f09e8021000-7f09ec000000 ---p 00000000 00:00 0 
7f09ec000000-7f09ec021000 rw-p 00000000 00:00 0 
7f09ec021000-7f09f0000000 ---p 00000000 00:00 0 
7f09f4000000-7f09f4021000 rw-p 00000000 00:00 0 
7f09f4021000-7f09f8000000 ---p 00000000 00:00 0 
7f09fc000000-7f09fc0eb000 rw-p 00000000 00:00 0 
7f09fc0eb000-7f0a00000000 ---p 00000000 00:00 0 
7f0a0065e000-7f0a007cb000 rw-p 00000000 00:00 0 
7f0a007cb000-7f0a007cd000 r--s 00012000 fd:02 537648284                  /home/mousham/Oracle/Middleware/Oracle_Home/oracle_common/modules/oracle.jps_12.1.3/jps-ee.jar
7f0a007cd000-7f0a007da000 r--s 0013b000 fd:02 537648288                  /home/mousham/Oracle/Middleware/Oracle_Home/oracle_common/modules/oracle.jps_12.1.3/jps-common.jar
7f0a007da000-7f0a007f3000 r--s 000ec000 fd:02 537648277                  /home/mousham/Oracle/Middleware/Oracle_Home/oracle_common/modules/oracle.jps_12.1.3/jps-api.jar
7f0a007f3000-7f0a007fd000 r--s 000fd000 fd:02 1610689837                 /home/mousham/Oracle/Middleware/Oracle_Home/oracle_common/modules/oracle.ldap_12.1.3/ldapjclnt11.jar
7f0a007fd000-7f0a007ff000 r--s 00002000 fd:02 1610684288                 /home/mousham/Oracle/Middleware/Oracle_Home/oracle_common/modules/javax.management.j2ee_1.2.0.0.jar
7f0a007ff000-7f0a00826000 r--s 002d0000 fd:02 536941430                  /home/mousham/Oracle/Middleware/Oracle_Home/oracle_common/modules/oracle.javatools_12.1.3/javatools-nodeps.jar
7f0a00826000-7f0a0082b000 r--s 0004e000 fd:02 5759                       /home/mousham/Oracle/Middleware/Oracle_Home/oracle_common/modules/oracle.odl_12.1.3/ojdl.jar
7f0a0082b000-7f0a00832000 r--s 0008b000 fd:02 9997                       /home/mousham/Oracle/Middleware/Oracle_Home/oracle_common/modules/oracle.xdk_12.1.3/xml.jar
7f0a00832000-7f0a0084e000 r--s 00217000 fd:02 1610664493                 /home/mousham/Oracle/Middleware/Oracle_Home/oracle_common/modules/oracle.dms_12.1.3/dms.jar
7f0a0084e000-7f0a0085d000 r--s 000c8000 fd:02 4980                       /home/mousham/Oracle/Middleware/Oracle_Home/oracle_common/modules/oracle.xmlef_12.1.3/xmlef.jar
7f0a0085d000-7f0a0085f000 r--s 0000c000 fd:02 1610664436                 /home/mousham/Oracle/Middleware/Oracle_Home/oracle_common/modules/oracle.bali.share_12.1.3/share.jar
7f0a0085f000-7f0a00861000 r--s 00006000 fd:02 1610984224                 /home/mousham/Oracle/Middleware/Oracle_Home/oracle_common/jlib/commons-cli-1.0.jar
7f0a00861000-7f0a00888000 r--s 0040c000 fd:02 1082933023                 /home/mousham/Oracle/Middleware/Oracle_Home/oracle_common/modules/oracle.jdbc_12.1.0/ojdbc6dms.jar
7f0a00888000-7f0a00889000 r--s 00000000 fd:02 1082800704                 /home/mousham/Oracle/Middleware/Oracle_Home/oracle_common/modules/oracle.mds_12.1.3/oramds.jar
7f0a00889000-7f0a008bb000 r--s 0085c000 fd:02 1082800706                 /home/mousham/Oracle/Middleware/Oracle_Home/oracle_common/modules/oracle.mds_12.1.3/mdsrt.jar
7f0a008bb000-7f0a008bc000 r--s 00000000 fd:02 5755                       /home/mousham/Oracle/Middleware/Oracle_Home/oracle_common/modules/oracle.adf.security_12.1.3/adf-controller-security.jar
7f0a008bc000-7f0a008be000 r--s 00004000 fd:02 5754                       /home/mousham/Oracle/Middleware/Oracle_Home/oracle_common/modules/oracle.adf.security_12.1.3/adf-share-security.jar
7f0a008be000-7f0a008c3000 r--s 00039000 fd:02 536944462                  /home/mousham/Oracle/Middleware/Oracle_Home/oracle_common/modules/oracle.adf.model_12.1.3/adflibrary.jar
7f0a008c3000-7f0a008d3000 r--s 0013b000 fd:02 536944465                  /home/mousham/Oracle/Middleware/Oracle_Home/oracle_common/modules/oracle.adf.model_12.1.3/adfdt_common.jar
7f0a008d3000-7f0a008d6000 r--s 0000f000 fd:02 536944592                  /home/mousham/Oracle/Middleware/Oracle_Home/oracle_common/modules/oracle.adf.view_12.1.3/adf-dt-at-rt.jar
7f0a008d6000-7f0a008d8000 r--s 00004000 fd:02 536944444                  /home/mousham/Oracle/Middleware/Oracle_Home/oracle_common/modules/oracle.adf.model_12.1.3/adftransactionsdt.jar
7f0a008d8000-7f0a008df000 r--s 00072000 fd:02 1610684287                 /home/mousham/Oracle/Middleware/Oracle_Home/oracle_common/modules/javax.mail_2.0.0.0_1-4-4.jar
7f0a008df000-7f0a008e3000 r--s 00027000 fd:02 536944622                  /home/mousham/Oracle/Middleware/Oracle_Home/oracle_common/modules/oracle.javatools_12.1.3/resourcebundle.jar
7f0a008e3000-7f0a008e4000 r--s 00000000 fd:02 1610664459                 /home/mousham/Oracle/Middleware/Oracle_Home/oracle_common/modules/oracle.adf.share_12.1.3/oracle-el.jar
7f0a008e4000-7f0a008e7000 r--s 00019000 fd:02 1610664463                 /home/mousham/Oracle/Middleware/Oracle_Home/oracle_common/modules/oracle.adf.share_12.1.3/commons-el.jar
7f0a008e7000-7f0a008ea000 r--s 0001b000 fd:02 536944445                  /home/mousham/Oracle/Middleware/Oracle_Home/oracle_common/modules/oracle.adf.model_12.1.3/jdev-cm.jar
7f0a008ea000-7f0a008ed000 r--s 00010000 fd:02 536944443                  /home/mousham/Oracle/Middleware/Oracle_Home/oracle_common/modules/oracle.adf.model_12.1.3/db-ca.jar
7f0a008ed000-7f0a008fd000 r--s 00188000 fd:02 10005                      /home/mousham/Oracle/Middleware/Oracle_Home/oracle_common/modules/oracle.xdk_12.1.3/xmlparserv2.jar
7f0a008fd000-7f0a00961000 r--s 005b2000 fd:02 1610690000                 /home/mousham/Oracle/Middleware/Oracle_Home/oracle_common/modules/groovy-all-2.1.6.jar
7f0a00961000-7f0a00964000 r--s 0005f000 fd:02 536944454                  /home/mousham/Oracle/Middleware/Oracle_Home/oracle_common/modules/oracle.adf.model_12.1.3/bc4j-mbeans.jar
7f0a00964000-7f0a009bc000 r--s 0092b000 fd:02 536944459                  /home/mousham/Oracle/Middleware/Oracle_Home/oracle_common/modules/oracle.adf.model_12.1.3/adfm.jar
7f0a009bc000-7f0a009c3000 r--s 0006f000 fd:02 40675                      /home/mousham/Oracle/Middleware/Oracle_Home/oracle_common/modules/oracle.idm_12.1.3/identitystore.jar
7f0a009c3000-7f0a009cf000 r--s 000d0000 fd:02 1610689969                 /home/mousham/Oracle/Middleware/Oracle_Home/oracle_common/modules/oracle.jmx_12.1.3/jmxspi.jar
7f0a009cf000-7f0a009d8000 r--s 00063000 fd:02 1610689968                 /home/mousham/Oracle/Middleware/Oracle_Home/oracle_common/modules/oracle.jmx_12.1.3/jmxframework.jar
7f0a009d8000-7f0a00a18000 r--s 0031f000 fd:02 1610664461                 /home/mousham/Oracle/Middleware/Oracle_Home/oracle_common/modules/oracle.adf.share_12.1.3/adfsharembean.jar
7f0a00a18000-7f0a00a21000 r--s 00057000 fd:02 536944576                  /home/mousham/Oracle/Middleware/Oracle_Home/oracle_common/modules/oracle.adf.share.ca_12.1.3/adf-share-base.jar
7f0a00a21000-7f0a00a29000 r--s 000e9000 fd:02 536944479                  /home/mousham/Oracle/Middleware/Oracle_Home/oracle_common/modules/oracle.adf.share.ca_12.1.3/adf-share-ca.jar
7f0a00a29000-7f0a00a34000 r--s 00087000 fd:02 1610664455                 /home/mousham/Oracle/Middleware/Oracle_Home/oracle_common/modules/oracle.adf.share_12.1.3/adf-share-support.jar
7f0a00a34000-7f0a00a38000 r--s 00024000 fd:02 1082943821                 /home/mousham/Oracle/Middleware/Oracle_Home/wlserver/server/lib/mbeantypes/saml2IdentityAsserter.jar
7f0a00a38000-7f0a00a3b000 r--s 0000b000 fd:02 1082943822                 /home/mousham/Oracle/Middleware/Oracle_Home/wlserver/server/lib/mbeantypes/systemPasswordValidatorProvider.jar
7f0a00a3b000-7f0a00a3e000 r--s 0000f000 fd:02 1082943546                 /home/mousham/Oracle/Middleware/Oracle_Home/wlserver/server/lib/mbeantypes/wlManagementMBean.jar
7f0a00a3e000-7f0a00a43000 r--s 00028000 fd:02 1082943823                 /home/mousham/Oracle/Middleware/Oracle_Home/wlserver/server/lib/mbeantypes/saml2CredentialMapper.jar
7f0a00a43000-7f0a00a5f000 r--s 0018f000 fd:02 1082943819                 /home/mousham/Oracle/Middleware/Oracle_Home/wlserver/server/lib/mbeantypes/cssWlSecurityProviders.jar
7f0a00a5f000-7f0a00a6f000 r-xp 00000000 fd:01 204101370                  /usr/java/jdk1.7.0_67/jre/lib/amd64/libnio.so
7f0a00a6f000-7f0a00c6f000 ---p 00010000 fd:01 204101370                  /usr/java/jdk1.7.0_67/jre/lib/amd64/libnio.so
7f0a00c6f000-7f0a00c70000 rw-p 00010000 fd:01 204101370                  /usr/java/jdk1.7.0_67/jre/lib/amd64/libnio.so
7f0a00c70000-7f0a00c73000 r-xp 00000000 fd:01 202670866                  /usr/lib64/libnss_myhostname.so.2
7f0a00c73000-7f0a00e72000 ---p 00003000 fd:01 202670866                  /usr/lib64/libnss_myhostname.so.2
7f0a00e72000-7f0a00e73000 r--p 00002000 fd:01 202670866                  /usr/lib64/libnss_myhostname.so.2
7f0a00e73000-7f0a00e74000 rw-p 00000000 00:00 0 
7f0a00e74000-7f0a00e8a000 r-xp 00000000 fd:01 201449610                  /usr/lib64/libresolv-2.17.so
7f0a00e8a000-7f0a0108a000 ---p 00016000 fd:01 201449610                  /usr/lib64/libresolv-2.17.so
7f0a0108a000-7f0a0108b000 r--p 00016000 fd:01 201449610                  /usr/lib64/libresolv-2.17.so
7f0a0108b000-7f0a0108c000 rw-p 00017000 fd:01 201449610                  /usr/lib64/libresolv-2.17.so
7f0a0108c000-7f0a0108e000 rw-p 00000000 00:00 0 
7f0a0108e000-7f0a01093000 r-xp 00000000 fd:01 201449594                  /usr/lib64/libnss_dns-2.17.so
7f0a01093000-7f0a01292000 ---p 00005000 fd:01 201449594                  /usr/lib64/libnss_dns-2.17.so
7f0a01292000-7f0a01293000 r--p 00004000 fd:01 201449594                  /usr/lib64/libnss_dns-2.17.so
7f0a01293000-7f0a01294000 rw-p 00005000 fd:01 201449594                  /usr/lib64/libnss_dns-2.17.so
7f0a01294000-7f0a01296000 r-xp 00000000 fd:01 205709096                  /usr/lib64/libnss_mdns4_minimal.so.2
7f0a01296000-7f0a01495000 ---p 00002000 fd:01 205709096                  /usr/lib64/libnss_mdns4_minimal.so.2
7f0a01495000-7f0a01496000 r--p 00001000 fd:01 205709096                  /usr/lib64/libnss_mdns4_minimal.so.2
7f0a01496000-7f0a01497000 rw-p 00002000 fd:01 205709096                  /usr/lib64/libnss_mdns4_minimal.so.2
7f0a01497000-7f0a01498000 r--s 00000000 fd:02 1610664462                 /home/mousham/Oracle/Middleware/Oracle_Home/oracle_common/modules/oracle.adf.share_12.1.3/jsp-el-api.jar
7f0a01498000-7f0a01499000 r--s 00001000 fd:02 1610664457                 /home/mousham/Oracle/Middleware/Oracle_Home/oracle_common/modules/oracle.adf.share_12.1.3/adflogginghandler.jar
7f0a01499000-7f0a014a0000 r--s 00040000 fd:02 1082943547                 /home/mousham/Oracle/Middleware/Oracle_Home/wlserver/server/lib/mbeantypes/WLSSSecurityProviders.jar
7f0a014a0000-7f0a014a4000 r--s 0008a000 fd:01 135719685                  /usr/java/jdk1.7.0_67/jre/lib/jsse.jar
7f0a014a4000-7f0a014a7000 r--s 00032000 fd:02 1082943545                 /home/mousham/Oracle/Middleware/Oracle_Home/wlserver/server/lib/mbeantypes/wlManagementImplSource.jar
7f0a014a7000-7f0a014ac000 r--s 00033000 fd:02 1082943820                 /home/mousham/Oracle/Middleware/Oracle_Home/wlserver/server/lib/mbeantypes/xacmlSecurityProviders.jar
7f0a014ac000-7f0a014b1000 r--s 0003a000 fd:01 137456553                  /usr/java/jdk1.7.0_67/jre/lib/jfr.jar
7f0a014b1000-7f0a014c7000 r-xp 00000000 fd:01 204101369                  /usr/java/jdk1.7.0_67/jre/lib/amd64/libnet.so
7f0a014c7000-7f0a016c7000 ---p 00016000 fd:01 204101369                  /usr/java/jdk1.7.0_67/jre/lib/amd64/libnet.so
7f0a016c7000-7f0a016c8000 rw-p 00016000 fd:01 204101369                  /usr/java/jdk1.7.0_67/jre/lib/amd64/libnet.so
7f0a016c8000-7f0a016c9000 r--s 00000000 fd:02 1082943731                 /home/mousham/Oracle/Middleware/Oracle_Home/wlserver/server/lib/wljaccutil-sun.jar
7f0a016c9000-7f0a016cc000 r--s 0000a000 fd:02 1082943727                 /home/mousham/Oracle/Middleware/Oracle_Home/wlserver/server/lib/weblogic-zh_TW.jar
7f0a016cc000-7f0a016cf000 r--s 0000a000 fd:02 1082943726                 /home/mousham/Oracle/Middleware/Oracle_Home/wlserver/server/lib/weblogic-zh_CN.jar
7f0a016cf000-7f0a016d2000 r--s 0000a000 fd:02 1082943724                 /home/mousham/Oracle/Middleware/Oracle_Home/wlserver/server/lib/weblogic-pt_BR.jar
7f0a016d2000-7f0a016d5000 r--s 0000b000 fd:02 1082943722                 /home/mousham/Oracle/Middleware/Oracle_Home/wlserver/server/lib/weblogic-ko.jar
7f0a016d5000-7f0a016dd000 r--s 0007d000 fd:02 1082943720                 /home/mousham/Oracle/Middleware/Oracle_Home/wlserver/server/lib/weblogic-ja.jar
7f0a016dd000-7f0a016e0000 r--s 0000a000 fd:02 1082943719                 /home/mousham/Oracle/Middleware/Oracle_Home/wlserver/server/lib/weblogic-it.jar
7f0a016e0000-7f0a016e3000 r--s 0000a000 fd:02 1082943718                 /home/mousham/Oracle/Middleware/Oracle_Home/wlserver/server/lib/weblogic-fr.jar
7f0a016e3000-7f0a016e6000 r--s 0000a000 fd:02 1082943717                 /home/mousham/Oracle/Middleware/Oracle_Home/wlserver/server/lib/weblogic-es.jar
7f0a016e6000-7f0a016e9000 r--s 0000a000 fd:02 1082943716                 /home/mousham/Oracle/Middleware/Oracle_Home/wlserver/server/lib/weblogic-de.jar
7f0a016e9000-7f0a016ea000 r--s 00000000 fd:02 1082943723                 /home/mousham/Oracle/Middleware/Oracle_Home/wlserver/server/lib/weblogic-L10N.jar
7f0a016ea000-7f0a016f1000 r--s 0008e000 fd:02 1082943704                 /home/mousham/Oracle/Middleware/Oracle_Home/wlserver/server/lib/jcom.jar
7f0a016f1000-7f0a016f3000 r--s 00005000 fd:02 1610690325                 /home/mousham/Oracle/Middleware/Oracle_Home/wlserver/modules/com.bea.core.weblogic.web.api_4.0.0.0.jar
7f0a016f3000-7f0a016f5000 r--s 00005000 fd:02 1610684234                 /home/mousham/Oracle/Middleware/Oracle_Home/wlserver/modules/com.bea.core.utils.compiler_2.2.0.0.jar
7f0a016f5000-7f0a01709000 r--s 0020d000 fd:02 1610721454                 /home/mousham/Oracle/Middleware/Oracle_Home/wlserver/modules/com.bea.core.repackaged.jdt_1.0.0.0_3-10-0.jar
7f0a01709000-7f0a0170c000 r--s 0002e000 fd:02 1610684289                 /home/mousham/Oracle/Middleware/Oracle_Home/oracle_common/modules/javax.servlet_2.2.0.0_3-0.jar
7f0a0170c000-7f0a0170f000 r--s 0001a000 fd:02 1610684303                 /home/mousham/Oracle/Middleware/Oracle_Home/oracle_common/modules/glassfish.el_1.2.0.0_2-2.jar
7f0a0170f000-7f0a01712000 r--s 00018000 fd:02 1610684295                 /home/mousham/Oracle/Middleware/Oracle_Home/oracle_common/modules/javax.jsp_4.0.0.0_2-2.jar
7f0a01712000-7f0a01727000 r--s 00140000 fd:02 1082943739                 /home/mousham/Oracle/Middleware/Oracle_Home/wlserver/server/lib/wlw-langx.jar
7f0a01727000-7f0a0172b000 r--s 0001d000 fd:02 1082943552                 /home/mousham/Oracle/Middleware/Oracle_Home/wlserver/server/lib/osgi.jar
7f0a0172b000-7f0a0172c000 r--s 00000000 fd:02 38989                      /home/mousham/Oracle/Middleware/Oracle_Home/oracle_common/modules/datadirect/fmwgenerictoken.jar
7f0a0172c000-7f0a01739000 r--s 001bc000 fd:02 38987                      /home/mousham/Oracle/Middleware/Oracle_Home/oracle_common/modules/datadirect/wlinformix.jar
7f0a01739000-7f0a01746000 r--s 001c0000 fd:02 38994                      /home/mousham/Oracle/Middleware/Oracle_Home/oracle_common/modules/datadirect/wlsybase.jar
7f0a01746000-7f0a01756000 r--s 001fa000 fd:02 38998                      /home/mousham/Oracle/Middleware/Oracle_Home/oracle_common/modules/datadirect/wldb2.jar
7f0a01756000-7f0a01764000 r--s 001d9000 fd:02 38995                      /home/mousham/Oracle/Middleware/Oracle_Home/oracle_common/modules/datadirect/wlsqlserver.jar
7f0a01764000-7f0a01788000 r--s 001e1000 fd:02 1082825689                 /home/mousham/Oracle/Middleware/Oracle_Home/wlserver/server/lib/cryptoj.jar
7f0a01788000-7f0a01790000 r--s 000c4000 fd:02 38981                      /home/mousham/Oracle/Middleware/Oracle_Home/oracle_common/modules/mysql-connector-java-commercial-5.1.22/mysql-connector-java-commercial-5.1.22-bin.jar
7f0a01790000-7f0a01794000 r--s 0000a000 fd:02 537720908                  /home/mousham/Oracle/Middleware/Oracle_Home/wlserver/server/lib/schema/diagnostics-image-binding.jar
7f0a01794000-7f0a01797000 r--s 00006000 fd:02 537720907                  /home/mousham/Oracle/Middleware/Oracle_Home/wlserver/server/lib/schema/diagnostics-binding.jar
7f0a01797000-7f0a017b8000 r--s 0008d000 fd:02 537720909                  /home/mousham/Oracle/Middleware/Oracle_Home/wlserver/server/lib/schema/weblogic-domain-binding-compatibility.jar
7f0a017b8000-7f0a017de000 r--s 000b1000 fd:02 537158326                  /home/mousham/Oracle/Middleware/Oracle_Home/wlserver/server/lib/schema/weblogic-domain-binding.jar
7f0a017de000-7f0a01802000 r--s 001e1000 fd:02 1610684317                 /home/mousham/Oracle/Middleware/Oracle_Home/oracle_common/modules/oracle.rsa_12.1.3/cryptoj.jar
7f0a01802000-7f0a01803000 r--s 00005000 fd:02 1610684315                 /home/mousham/Oracle/Middleware/Oracle_Home/oracle_common/modules/oracle.ldap_12.1.3/ojmisc.jar
7f0a01803000-7f0a01804000 r--s 00000000 fd:02 1612638654                 /home/mousham/Oracle/Middleware/Oracle_Home/oracle_common/modules/features/orapki.lib_12.1.3.jar
7f0a01804000-7f0a01828000 r--s 00180000 fd:02 1610684334                 /home/mousham/Oracle/Middleware/Oracle_Home/oracle_common/modules/bcprov-jdk16-1.45.jar
7f0a01828000-7f0a0182a000 r--s 00001000 fd:02 1610689474                 /home/mousham/Oracle/Middleware/Oracle_Home/oracle_common/modules/com.oracle.cie.config-quickstart-schema-launcher_1.0.0.0.jar
7f0a0182a000-7f0a0182b000 r--s 00003000 fd:02 1610689473                 /home/mousham/Oracle/Middleware/Oracle_Home/oracle_common/modules/com.oracle.cie.config-quickstart-launcher_1.0.0.0.jar
7f0a0182b000-7f0a0182c000 r--s 00003000 fd:02 1610684336                 /home/mousham/Oracle/Middleware/Oracle_Home/oracle_common/modules/com.oracle.cie.rcu_1.1.0.0.jar
7f0a0182c000-7f0a0182e000 r--s 00011000 fd:02 1610684332                 /home/mousham/Oracle/Middleware/Oracle_Home/oracle_common/modules/com.oracle.cie.service-table-impl_1.1.0.0.jar
7f0a0182e000-7f0a01830000 r--s 00008000 fd:02 1610684338                 /home/mousham/Oracle/Middleware/Oracle_Home/oracle_common/modules/com.oracle.cie.service-table-schema_1.1.0.0.jar
7f0a01830000-7f0a01832000 r--s 00002000 fd:02 1610684324                 /home/mousham/Oracle/Middleware/Oracle_Home/oracle_common/modules/com.oracle.cie.service-table_1.1.0.0.jar
7f0a01832000-7f0a01834000 r--s 00000000 fd:02 1610684321                 /home/mousham/Oracle/Middleware/Oracle_Home/oracle_common/modules/com.oracle.cie.config-owsm_8.1.0.0.jar
7f0a01834000-7f0a01835000 r--s 00003000 fd:02 1610684320                 /home/mousham/Oracle/Middleware/Oracle_Home/oracle_common/modules/com.oracle.cie.config-security-impl_8.1.0.0.jar
7f0a01835000-7f0a01836000 r--s 00001000 fd:02 1610684323                 /home/mousham/Oracle/Middleware/Oracle_Home/oracle_common/modules/com.oracle.cie.config-security_8.1.0.0.jar
7f0a01836000-7f0a01838000 r--s 0000c000 fd:02 1610684325                 /home/mousham/Oracle/Middleware/Oracle_Home/oracle_common/modules/com.bea.core.xquery.xmlbeans-interop_1.8.0.0.jar
7f0a01838000-7f0a0188a000 r--s 0041a000 fd:02 1610684331                 /home/mousham/Oracle/Middleware/Oracle_Home/oracle_common/modules/com.bea.core.xquery_1.8.0.0.jar
7f0a0188a000-7f0a0188d000 r--s 00018000 fd:02 1610684328                 /home/mousham/Oracle/Middleware/Oracle_Home/oracle_common/modules/com.oracle.cie.dependency_1.1.0.0.jar
7f0a0188d000-7f0a0188f000 r--s 00017000 fd:02 1610684322                 /home/mousham/Oracle/Middleware/Oracle_Home/oracle_common/modules/com.oracle.cie.xmldh_2.7.0.0.jar
7f0a0188f000-7f0a0189b000 r--s 00072000 fd:02 1610684329                 /home/mousham/Oracle/Middleware/Oracle_Home/oracle_common/modules/com.oracle.cie.wizard_7.1.0.0.jar
7f0a0189b000-7f0a018a8000 r--s 000b3000 fd:02 1610684333                 /home/mousham/Oracle/Middleware/Oracle_Home/oracle_common/modules/com.oracle.cie.comdev_7.1.0.0.jar
7f0a018a8000-7f0a018a9000 r--s 00007000 fd:02 1610684335                 /home/mousham/Oracle/Middleware/Oracle_Home/oracle_common/modules/com.oracle.cie.encryption_2.1.0.0.jar
7f0a018a9000-7f0a018fd000 r--s 002d2000 fd:02 1610684326                 /home/mousham/Oracle/Middleware/Oracle_Home/oracle_common/modules/com.oracle.cie.config_8.1.0.0.jar
7f0a018fd000-7f0a01924000 r--s 00275000 fd:02 1610688707                 /home/mousham/Oracle/Middleware/Oracle_Home/oracle_common/modules/com.oracle.cie.config-wls_8.1.0.0.jar
7f0a01924000-7f0a01925000 r--s 00000000 fd:02 1610688706                 /home/mousham/Oracle/Middleware/Oracle_Home/oracle_common/modules/com.oracle.cie.config-wls-api_1.0.0.0.jar
7f0a01925000-7f0a01927000 r--s 00005000 fd:02 1610684327                 /home/mousham/Oracle/Middleware/Oracle_Home/oracle_common/modules/javax.xml.stream_1.1.1.0.jar
7f0a01927000-7f0a01965000 r--s 0025d000 fd:02 1610684337                 /home/mousham/Oracle/Middleware/Oracle_Home/oracle_common/modules/com.bea.core.xml.xmlbeans_1.0.0.0_2-6-0.jar
7f0a01965000-7f0a01966000 r--s 00000000 fd:02 1610688703                 /home/mousham/Oracle/Middleware/Oracle_Home/oracle_common/modules/features/com.oracle.cie.config_8.1.0.0.jar
7f0a01966000-7f0a01a7f000 r--s 0076a000 fd:02 1610688705                 /home/mousham/Oracle/Middleware/Oracle_Home/oracle_common/modules/com.oracle.cie.config-wls-schema_12.1.3.0.jar
7f0a01a7f000-7f0a01a81000 r--s 0000c000 fd:02 1610664510                 /home/mousham/Oracle/Middleware/Oracle_Home/oracle_common/jlib/share.jar
7f0a01a81000-7f0a01a95000 r--s 0022c000 fd:02 1610664504                 /home/mousham/Oracle/Middleware/Oracle_Home/oracle_common/jlib/oracle_ice.jar
7f0a01a95000-7f0a01a9c000 r--s 0005f000 fd:02 1610664500                 /home/mousham/Oracle/Middleware/Oracle_Home/oracle_common/jlib/ohj.jar
7f0a01a9c000-7f0a01aa3000 r--s 00043000 fd:02 1610664505                 /home/mousham/Oracle/Middleware/Oracle_Home/oracle_common/jlib/jgoodies-looks.jar
7f0a01aa3000-7f0a01acb000 r--s 0025f000 fd:02 1610664506                 /home/mousham/Oracle/Middleware/Oracle_Home/oracle_common/jlib/jewt4.jar
7f0a01acb000-7f0a01acf000 r--s 0003a000 fd:02 1610664501                 /home/mousham/Oracle/Middleware/Oracle_Home/oracle_common/jlib/help-share.jar
7f0a01acf000-7f0a01ad0000 r--s 00000000 fd:02 1610688709                 /home/mousham/Oracle/Middleware/Oracle_Home/oracle_common/common/lib/config-launch.jar
7f0a01ad0000-7f0a01ad7000 r--s 00044000 fd:02 1610721493                 /home/mousham/Oracle/Middleware/Oracle_Home/wlserver/modules/hibernate.validator_1.0.0.0_4-1-0.jar
7f0a01ad7000-7f0a01ad8000 r--s 00001000 fd:02 1610721479                 /home/mousham/Oracle/Middleware/Oracle_Home/wlserver/modules/com.oracle.weblogic.build-1.7-utils_1.0.0.0.jar
7f0a01ad8000-7f0a01adb000 r--s 00010000 fd:02 1610721503                 /home/mousham/Oracle/Middleware/Oracle_Home/wlserver/modules/javax.json_1.0.0.0_1-0.jar
7f0a01adb000-7f0a01ade000 r--s 0000d000 fd:02 1610721484                 /home/mousham/Oracle/Middleware/Oracle_Home/wlserver/modules/com.oracle.weblogic.websocket.client_1.0.0.0.jar
7f0a01ade000-7f0a01ae1000 r--s 0000e000 fd:02 1610721492                 /home/mousham/Oracle/Middleware/Oracle_Home/wlserver/modules/glassfish.tyrus.fallback_1.0.0.0_1-0.jar
7f0a01ae1000-7f0a01ae8000 r--s 0004b000 fd:02 1610721491                 /home/mousham/Oracle/Middleware/Oracle_Home/wlserver/modules/glassfish.tyrus_1.0.0.0_1-3-5.jar
7f0a01ae8000-7f0a01aea000 r--s 00007000 fd:02 1610721539                 /home/mousham/Oracle/Middleware/Oracle_Home/wlserver/modules/javax.websocket_1.0.0.0.jar
7f0a01aea000-7f0a01aee000 r--s 00025000 fd:02 1610689718                 /home/mousham/Oracle/Middleware/Oracle_Home/oracle_common/modules/jersey-json-1.18.jar
7f0a01aee000-7f0a01af1000 r--s 0000b000 fd:02 1610689709                 /home/mousham/Oracle/Middleware/Oracle_Home/oracle_common/modules/jersey-multipart-1.18.jar
7f0a01af1000-7f0a01af5000 r--s 0001b000 fd:02 1610689713                 /home/mousham/Oracle/Middleware/Oracle_Home/oracle_common/modules/jersey-servlet-1.18.jar
7f0a01af5000-7f0a01b06000 r--s 00097000 fd:02 1610689720                 /home/mousham/Oracle/Middleware/Oracle_Home/oracle_common/modules/jersey-server-1.18.jar
7f0a01b06000-7f0a01b0a000 r--s 0001d000 fd:02 1610689719                 /home/mousham/Oracle/Middleware/Oracle_Home/oracle_common/modules/jersey-client-1.18.jar
7f0a01b0a000-7f0a01b15000 r--s 0006b000 fd:02 1610689710                 /home/mousham/Oracle/Middleware/Oracle_Home/oracle_common/modules/jersey-core-1.18.jar
7f0a01b15000-7f0a01b17000 r--s 00008000 fd:02 1610684306                 /home/mousham/Oracle/Middleware/Oracle_Home/oracle_common/modules/weblogic.jaxrs.server_3.0.0.0.jar
7f0a01b17000-7f0a01b18000 r--s 00002000 fd:02 1610684304                 /home/mousham/Oracle/Middleware/Oracle_Home/oracle_common/modules/weblogic.jaxrs.client_3.0.0.0.jar
7f0a01b18000-7f0a01b19000 r--s 00001000 fd:02 1610684305                 /home/mousham/Oracle/Middleware/Oracle_Home/oracle_common/modules/weblogic.jaxrs.internal.common_1.2.0.0.jar
7f0a01b19000-7f0a01b1b000 r--s 0000f000 fd:02 1610689717                 /home/mousham/Oracle/Middleware/Oracle_Home/oracle_common/modules/jettison-1.1.jar
7f0a01b1b000-7f0a01b1c000 r--s 00006000 fd:02 1610689723                 /home/mousham/Oracle/Middleware/Oracle_Home/oracle_common/modules/jackson-xc-1.9.2.jar
7f0a01b1c000-7f0a01b2a000 r--s 000ad000 fd:02 1610689725                 /home/mousham/Oracle/Middleware/Oracle_Home/oracle_common/modules/jackson-mapper-asl-1.9.2.jar
7f0a01b2a000-7f0a01b2b000 r--s 00004000 fd:02 1610689722                 /home/mousham/Oracle/Middleware/Oracle_Home/oracle_common/modules/jackson-jaxrs-1.9.2.jar
7f0a01b2b000-7f0a01b2f000 r--s 00034000 fd:02 1610689724                 /home/mousham/Oracle/Middleware/Oracle_Home/oracle_common/modules/jackson-core-asl-1.9.2.jar
7f0a01b2f000-7f0a01b31000 r--s 0000c000 fd:02 1610721465                 /home/mousham/Oracle/Middleware/Oracle_Home/wlserver/modules/com.oracle.cmm.lowertier_1.0.0.0.jar
7f0a01b31000-7f0a01b32000 r--s 00002000 fd:02 1610721464                 /home/mousham/Oracle/Middleware/Oracle_Home/wlserver/modules/com.oracle.cmm.agent_1.0.0.b01.jar
7f0a01b32000-7f0a01b33000 r--s 00002000 fd:02 1610721406                 /home/mousham/Oracle/Middleware/Oracle_Home/wlserver/modules/com.bea.core.kodo.integration.tools_2.2.0.0.jar
7f0a01b33000-7f0a01b39000 r--s 00038000 fd:02 1610721403                 /home/mousham/Oracle/Middleware/Oracle_Home/wlserver/modules/com.bea.core.kodo.integration_4.0.0.0.jar
7f0a01b39000-7f0a01b4d000 r--s 00106000 fd:02 1610690317                 /home/mousham/Oracle/Middleware/Oracle_Home/wlserver/modules/com.bea.core.kodo_1.8.0.0_4-2-1.jar
7f0a01b4d000-7f0a01b4e000 r--s 00004000 fd:02 537157861                  /home/mousham/Oracle/Middleware/Oracle_Home/oracle_common/modules/org.apache.ant_1.9.2/lib/ant-launcher.jar
7f0a01b4e000-7f0a01b6c000 r--s 001cb000 fd:02 537157848                  /home/mousham/Oracle/Middleware/Oracle_Home/oracle_common/modules/org.apache.ant_1.9.2/lib/ant.jar
7f0a01b6c000-7f0a01b6e000 r--s 00022000 fd:02 1610721398                 /home/mousham/Oracle/Middleware/Oracle_Home/wlserver/modules/com.bea.core.i18n.tools_3.1.0.0.jar
7f0a01b6e000-7f0a01b70000 r--s 00013000 fd:02 1610721396                 /home/mousham/Oracle/Middleware/Oracle_Home/wlserver/modules/com.bea.core.i18n.generator_4.0.0.0.jar
7f0a01b70000-7f0a01b73000 r--s 0000b000 fd:02 1610684290                 /home/mousham/Oracle/Middleware/Oracle_Home/oracle_common/modules/javax.xml.ws_1.0.0.0_2-2.jar
7f0a01b73000-7f0a01b77000 r--s 00017000 fd:02 1610684297                 /home/mousham/Oracle/Middleware/Oracle_Home/oracle_common/modules/javax.xml.bind_1.0.0.0_2-2-3.jar
7f0a01b77000-7f0a01b8c000 r--s 0015f000 fd:02 1610690328                 /home/mousham/Oracle/Middleware/Oracle_Home/wlserver/modules/monfox.dsnmp.agent_1.3.0.0_4-7-30.jar
7f0a01b8c000-7f0a01b9c000 r--s 00187000 fd:02 4972                       /home/mousham/Oracle/Middleware/Oracle_Home/oracle_common/modules/oracle.xdk_12.1.3/xmlparserv2_sans_jaxp_services.jar
7f0a01b9c000-7f0a01b9e000 r--s 0000b000 fd:02 10017                      /home/mousham/Oracle/Middleware/Oracle_Home/oracle_common/modules/oracle.toplink_12.1.3/toplink-dataservices.jar
7f0a01b9e000-7f0a01ba0000 r--s 0000a000 fd:02 1610684284                 /home/mousham/Oracle/Middleware/Oracle_Home/oracle_common/modules/com.bea.core.i18n_3.0.0.0.jar
7f0a01ba0000-7f0a01bc4000 r--s 00263000 fd:02 1610721489                 /home/mousham/Oracle/Middleware/Oracle_Home/wlserver/modules/glassfish.jsf_2.0.0.0_2-1-20.jar
7f0a01bc4000-7f0a01bc5000 r--s 00000000 fd:02 41749                      /home/mousham/Oracle/Middleware/Oracle_Home/wlserver/modules/features/weblogic.server.modules.jsf2.0_12.1.3.0.jar
7f0a01bc5000-7f0a01bc7000 r--s 00000000 fd:02 1610721466                 /home/mousham/Oracle/Middleware/Oracle_Home/wlserver/modules/com.oracle.core.coherence.app.descriptor_1.1.0.0.jar
7f0a01bc7000-7f0a01bc8000 r--s 00002000 fd:02 1610721468                 /home/mousham/Oracle/Middleware/Oracle_Home/wlserver/modules/com.oracle.core.coherence.descriptor_4.0.0.0.jar
7f0a01bc8000-7f0a01bd3000 r--s 00057000 fd:02 1610721388                 /home/mousham/Oracle/Middleware/Oracle_Home/wlserver/modules/com.bea.core.compat.wl.90_1.6.0.0.jar
7f0a01bd3000-7f0a01bd7000 r--s 00022000 fd:02 1610684104                 /home/mousham/Oracle/Middleware/Oracle_Home/wlserver/modules/com.bea.core.descriptor_2.2.0.0.jar
7f0a01bd7000-7f0a01bdd000 r--s 00015000 fd:02 1610684111                 /home/mousham/Oracle/Middleware/Oracle_Home/wlserver/modules/com.bea.core.descriptor.wl_4.0.0.0.jar
7f0a01bdd000-7f0a01be2000 r--s 00012000 fd:02 1610684107                 /home/mousham/Oracle/Middleware/Oracle_Home/wlserver/modules/com.bea.core.descriptor.j2ee_3.0.0.0.jar
7f0a01be2000-7f0a01be5000 r--s 00003000 fd:02 1610684105                 /home/mousham/Oracle/Middleware/Oracle_Home/wlserver/modules/com.bea.core.descriptor.application_3.0.0.0.jar
7f0a01be5000-7f0a01be9000 r--s 00014000 fd:02 1610721467                 /home/mousham/Oracle/Middleware/Oracle_Home/wlserver/modules/com.oracle.core.coherence.app.descriptor.binding_1.1.0.0.jar
7f0a01be9000-7f0a01bfc000 r--s 00095000 fd:02 1610721469                 /home/mousham/Oracle/Middleware/Oracle_Home/wlserver/modules/com.oracle.core.coherence.descriptor.binding_4.0.0.0.jar
7f0a01bfc000-7f0a01c9f000 r--s 005c7000 fd:02 1610684112                 /home/mousham/Oracle/Middleware/Oracle_Home/wlserver/modules/com.bea.core.descriptor.wl.binding_4.0.0.0.jar
7f0a01c9f000-7f0a01d51000 r--s 0066a000 fd:02 1610684108                 /home/mousham/Oracle/Middleware/Oracle_Home/wlserver/modules/com.bea.core.descriptor.j2ee.binding_3.0.0.0.jar
7f0a01d51000-7f0a01d77000 r--s 00146000 fd:02 1610684106                 /home/mousham/Oracle/Middleware/Oracle_Home/wlserver/modules/com.bea.core.descriptor.application.binding_3.0.0.0.jar
7f0a01d77000-7f0a01d79000 r--s 00001000 fd:02 1610721446                 /home/mousham/Oracle/Middleware/Oracle_Home/wlserver/modules/com.bea.core.redef.binding_3.1.0.0.jar
7f0a01d79000-7f0a01dbe000 r--s 0032e000 fd:02 1610721404                 /home/mousham/Oracle/Middleware/Oracle_Home/wlserver/modules/com.bea.core.kodo.integration.binding_4.0.0.0.jar
7f0a01dbe000-7f0a01dc0000 r--s 00002000 fd:02 1610684120                 /home/mousham/Oracle/Middleware/Oracle_Home/wlserver/modules/com.bea.core.management.core.binding_4.1.0.0.jar
7f0a01dc0000-7f0a01dc1000 r--s 00007000 fd:02 1610690310                 /home/mousham/Oracle/Middleware/Oracle_Home/wlserver/modules/com.bea.core.diagnostics.accessor.binding_4.0.0.0.jar
7f0a01dc1000-7f0a01dc3000 r--s 00002000 fd:02 1610684110                 /home/mousham/Oracle/Middleware/Oracle_Home/wlserver/modules/com.bea.core.descriptor.settable.binding_3.0.0.0.jar
7f0a01dc3000-7f0a01dc9000 r--s 0002e000 fd:02 1610684102                 /home/mousham/Oracle/Middleware/Oracle_Home/wlserver/modules/com.bea.core.datasource6.binding_2.3.0.0.jar
7f0a01dc9000-7f0a01dce000 r--s 00021000 fd:02 1610721390                 /home/mousham/Oracle/Middleware/Oracle_Home/wlserver/modules/com.bea.core.diagnostics.instrumentor.config_3.1.0.0.jar
7f0a01dce000-7f0a01dd4000 r--s 00070000 fd:02 1610689475                 /home/mousham/Oracle/Middleware/Oracle_Home/oracle_common/modules/org.codehaus.woodstox.woodstox-core-asl_4.2.0.jar
7f0a01dd4000-7f0a01dd8000 r--s 00029000 fd:02 1610689476                 /home/mousham/Oracle/Middleware/Oracle_Home/oracle_common/modules/org.codehaus.woodstox.stax2-api_3.1.1.jar
7f0a01dd8000-7f0a01ddb000 r--s 0001c000 fd:02 1610688672                 /home/mousham/Oracle/Middleware/Oracle_Home/oracle_common/modules/com.sun.xml.bind.jaxb-jxc_2.2.jar
7f0a01ddb000-7f0a01dfe000 r--s 001cc000 fd:02 1610688673                 /home/mousham/Oracle/Middleware/Oracle_Home/oracle_common/modules/com.sun.xml.bind.jaxb-xjc_2.2.jar
7f0a01dfe000-7f0a01e10000 r--s 000ec000 fd:02 1610688675                 /home/mousham/Oracle/Middleware/Oracle_Home/oracle_common/modules/com.sun.xml.bind.jaxb-impl_2.2.jar
7f0a01e10000-7f0a01e16000 r--s 00034000 fd:02 1610688677                 /home/mousham/Oracle/Middleware/Oracle_Home/oracle_common/modules/com.sun.xml.bind.jaxb-core_2.2.jar
7f0a01e16000-7f0a01e18000 r--s 0000f000 fd:02 1610688676                 /home/mousham/Oracle/Middleware/Oracle_Home/oracle_common/modules/com.sun.org.apache.xml.internal.resolver_20050927.jar
7f0a01e18000-7f0a01e22000 r--s 00053000 fd:02 1610689478                 /home/mousham/Oracle/Middleware/Oracle_Home/oracle_common/modules/com.oracle.webservices.orawsdl-api_12.1.3.jar
7f0a01e22000-7f0a01e2a000 r--s 0007e000 fd:02 1610689479                 /home/mousham/Oracle/Middleware/Oracle_Home/oracle_common/modules/com.oracle.http_client.http_client_12.1.3.jar
7f0a01e2a000-7f0a01e2c000 r--s 0000a000 fd:02 1610689548                 /home/mousham/Oracle/Middleware/Oracle_Home/oracle_common/modules/org.jvnet.staxex.stax-ex_1.7.5.jar
7f0a01e2c000-7f0a01e2e000 r--s 0000e000 fd:02 1610689547                 /home/mousham/Oracle/Middleware/Oracle_Home/oracle_common/modules/org.jvnet.mimepull.mimepull_1.9.4.jar
7f0a01e2e000-7f0a01e30000 r--s 0000a000 fd:02 1610689566                 /home/mousham/Oracle/Middleware/Oracle_Home/oracle_common/modules/org.glassfish.metro.xmlfilter_2.3.1.jar
7f0a01e30000-7f0a01e31000 r--s 00000000 fd:02 1610689565                 /home/mousham/Oracle/Middleware/Oracle_Home/oracle_common/modules/org.glassfish.metro.wstx-core_2.3.1.jar
7f0a01e31000-7f0a01e35000 r--s 00014000 fd:02 1610689564                 /home/mousham/Oracle/Middleware/Oracle_Home/oracle_common/modules/org.glassfish.metro.wssx-api_2.3.1.jar
7f0a01e35000-7f0a01e37000 r--s 0000d000 fd:02 1610689563                 /home/mousham/Oracle/Middleware/Oracle_Home/oracle_common/modules/org.glassfish.metro.wsrx-commons_2.3.1.jar
7f0a01e37000-7f0a01e3f000 r--s 0005b000 fd:02 1610689562                 /home/mousham/Oracle/Middleware/Oracle_Home/oracle_common/modules/org.glassfish.metro.wsrm-impl_2.3.1.jar
7f0a01e3f000-7f0a01e41000 r--s 00005000 fd:02 1610689561                 /home/mousham/Oracle/Middleware/Oracle_Home/oracle_common/modules/org.glassfish.metro.wsrm-api_2.3.1.jar
7f0a01e41000-7f0a01e43000 r--s 00001000 fd:02 1610689560                 /home/mousham/Oracle/Middleware/Oracle_Home/oracle_common/modules/org.glassfish.metro.wsmc-api_2.3.1.jar
7f0a01e43000-7f0a01e4a000 r--s 00048000 fd:02 1610689559                 /home/mousham/Oracle/Middleware/Oracle_Home/oracle_common/modules/org.glassfish.metro.soaptcp-impl_2.3.1.jar
7f0a01e4a000-7f0a01e4c000 r--s 00001000 fd:02 1610689558                 /home/mousham/Oracle/Middleware/Oracle_Home/oracle_common/modules/org.glassfish.metro.soaptcp-api_2.3.1.jar
7f0a01e4c000-7f0a01e4e000 r--s 00008000 fd:02 1610689557                 /home/mousham/Oracle/Middleware/Oracle_Home/oracle_common/modules/org.glassfish.metro.metro-runtime-impl_2.3.1.jar
7f0a01e4e000-7f0a01e4f000 r--s 00004000 fd:02 1610689556                 /home/mousham/Oracle/Middleware/Oracle_Home/oracle_common/modules/org.glassfish.metro.metro-runtime-api_2.3.1.jar
7f0a01e4f000-7f0a01e50000 r--s 00001000 fd:02 1610689555                 /home/mousham/Oracle/Middleware/Oracle_Home/oracle_common/modules/org.glassfish.metro.metro-config-api_2.3.1.jar
7f0a01e50000-7f0a01e52000 r--s 00004000 fd:02 1610689554                 /home/mousham/Oracle/Middleware/Oracle_Home/oracle_common/modules/org.glassfish.metro.metro-commons_2.3.1.jar
7f0a01e52000-7f0a01e53000 r--s 00002000 fd:02 1610689553                 /home/mousham/Oracle/Middleware/Oracle_Home/oracle_common/modules/org.glassfish.metro.metro-cm-impl_2.3.1.jar
7f0a01e53000-7f0a01e55000 r--s 0000e000 fd:02 1610689552                 /home/mousham/Oracle/Middleware/Oracle_Home/oracle_common/modules/org.glassfish.metro.metro-cm-api_2.3.1.jar
7f0a01e55000-7f0a01e57000 r--s 00007000 fd:02 1610689546                 /home/mousham/Oracle/Middleware/Oracle_Home/oracle_common/modules/org.glassfish.ha.ha-api_3.1.9.jar
7f0a01e57000-7f0a01e59000 r--s 00004000 fd:02 1610689545                 /home/mousham/Oracle/Middleware/Oracle_Home/oracle_common/modules/org.glassfish.gmbal.gmbal-api-only_3.1.0-b001.jar
7f0a01e59000-7f0a01e5c000 r--s 00009000 fd:02 1610689544                 /home/mousham/Oracle/Middleware/Oracle_Home/oracle_common/modules/org.glassfish.external.management-api_3.2.1-b001.jar
7f0a01e5c000-7f0a01e5e000 r--s 0000c000 fd:02 1610689541                 /home/mousham/Oracle/Middleware/Oracle_Home/oracle_common/modules/com.sun.xml.ws.sdo-eclipselink-plugin_2.2.jar
7f0a01e5e000-7f0a01e62000 r--s 00024000 fd:02 1610689543                 /home/mousham/Oracle/Middleware/Oracle_Home/oracle_common/modules/com.sun.xml.ws.policy_2.4.jar
7f0a01e62000-7f0a01e6d000 r--s 000c3000 fd:02 1610689540                 /home/mousham/Oracle/Middleware/Oracle_Home/oracle_common/modules/com.sun.xml.ws.jaxws-tools_2.2.jar
7f0a01e6d000-7f0a01e97000 r--s 0023a000 fd:02 1610689539                 /home/mousham/Oracle/Middleware/Oracle_Home/oracle_common/modules/com.sun.xml.ws.jaxws-rt_2.2.jar
7f0a01e97000-7f0a01e99000 r--s 00006000 fd:02 1610689538                 /home/mousham/Oracle/Middleware/Oracle_Home/oracle_common/modules/com.sun.xml.ws.jaxws-eclipselink-plugin_2.2.jar
7f0a01e99000-7f0a01e9c000 r--s 0000e000 fd:02 1610689551                 /home/mousham/Oracle/Middleware/Oracle_Home/oracle_common/modules/com.sun.xml.stream.buffer.streambuffer_1.5.3.jar
7f0a01e9c000-7f0a01ea4000 r--s 00068000 fd:02 1610689542                 /home/mousham/Oracle/Middleware/Oracle_Home/oracle_common/modules/com.sun.xml.messaging.saaj.saaj-impl_1.3.jar
7f0a01ea4000-7f0a01ea9000 r--s 00044000 fd:02 1610689550                 /home/mousham/Oracle/Middleware/Oracle_Home/oracle_common/modules/com.sun.xml.fastinfoset.FastInfoset_1.2.13.jar
7f0a01ea9000-7f0a01eaa000 r--s 00005000 fd:02 1610689549                 /home/mousham/Oracle/Middleware/Oracle_Home/oracle_common/modules/com.sun.istack.istack-commons-runtime_2.19.jar
7f0a01eaa000-7f0a01eae000 r--s 00015000 fd:02 1610689537                 /home/mousham/Oracle/Middleware/Oracle_Home/oracle_common/modules/com.oracle.webservices.wls.wls-ws-api_12.1.3.jar
7f0a01eae000-7f0a01ec4000 r--s 0013a000 fd:02 1610689536                 /home/mousham/Oracle/Middleware/Oracle_Home/oracle_common/modules/com.oracle.webservices.ws-star-impl_12.1.3.jar
7f0a01ec4000-7f0a01ec9000 r--s 0001b000 fd:02 1610689501                 /home/mousham/Oracle/Middleware/Oracle_Home/oracle_common/modules/com.oracle.webservices.user-api_12.1.3.jar
7f0a01ec9000-7f0a01ecc000 r--s 0000e000 fd:02 1610689500                 /home/mousham/Oracle/Middleware/Oracle_Home/oracle_common/modules/com.oracle.webservices.session-manager-internal-api_12.1.3.jar
7f0a01ecc000-7f0a01ecd000 r--s 00002000 fd:02 1610689499                 /home/mousham/Oracle/Middleware/Oracle_Home/oracle_common/modules/com.oracle.webservices.session-manager-impl_12.1.3.jar
7f0a01ecd000-7f0a01ed4000 r--s 00067000 fd:02 1610689498                 /home/mousham/Oracle/Middleware/Oracle_Home/oracle_common/modules/com.oracle.webservices.orasaaj-rt-api_12.1.3.jar
7f0a01ed4000-7f0a01ed5000 r--s 00005000 fd:02 1610689497                 /home/mousham/Oracle/Middleware/Oracle_Home/oracle_common/modules/com.oracle.webservices.mdds-jersey-api_12.1.3.jar
7f0a01ed5000-7f0a01eda000 r--s 0003d000 fd:02 1610689496                 /home/mousham/Oracle/Middleware/Oracle_Home/oracle_common/modules/com.oracle.webservices.mdds-api_12.1.3.jar
7f0a01eda000-7f0a01ede000 r--s 00025000 fd:02 1610689495                 /home/mousham/Oracle/Middleware/Oracle_Home/oracle_common/modules/com.oracle.webservices.fabric-common-api_12.1.3.jar
7f0a01ede000-7f0a01ee0000 r--s 00002000 fd:02 1610689494                 /home/mousham/Oracle/Middleware/Oracle_Home/oracle_common/modules/com.oracle.webservices.disi-internal-api_12.1.3.jar
7f0a01ee0000-7f0a01ee5000 r--s 0002b000 fd:02 1610689493                 /home/mousham/Oracle/Middleware/Oracle_Home/oracle_common/modules/com.oracle.webservices.disi-impl_12.1.3.jar
7f0a01ee5000-7f0a01ee7000 r--s 00000000 fd:02 1610689492                 /home/mousham/Oracle/Middleware/Oracle_Home/oracle_common/modules/com.oracle.webservices.audit-internal-api_12.1.3.jar
7f0a01ee7000-7f0a01ee8000 r--s 00006000 fd:02 1610689491                 /home/mousham/Oracle/Middleware/Oracle_Home/oracle_common/modules/com.oracle.state-management.transactional-map-internal-api_12.1.3.jar
7f0a01ee8000-7f0a01eea000 r--s 00008000 fd:02 1610689489                 /home/mousham/Oracle/Middleware/Oracle_Home/oracle_common/modules/com.oracle.state-management.state-management-provider-memory-impl_12.1.3.jar
7f0a01eea000-7f0a01eec000 r--s 0000b000 fd:02 1610689488                 /home/mousham/Oracle/Middleware/Oracle_Home/oracle_common/modules/com.oracle.state-management.state-management-provider-jdbc-impl_12.1.3.jar
7f0a01eec000-7f0a01ef0000 r--s 00025000 fd:02 1610689487                 /home/mousham/Oracle/Middleware/Oracle_Home/oracle_common/modules/com.oracle.state-management.state-management-provider-common-internal-api_12.1.3.jar
7f0a01ef0000-7f0a01ef2000 r--s 0000f000 fd:02 1610689486                 /home/mousham/Oracle/Middleware/Oracle_Home/oracle_common/modules/com.oracle.state-management.state-management-provider-coherence-impl_12.1.3.jar
7f0a01ef2000-7f0a01ef3000 r--s 00007000 fd:02 1610689485                 /home/mousham/Oracle/Middleware/Oracle_Home/oracle_common/modules/com.oracle.state-management.state-management-provider-aggregate-impl_12.1.3.jar
7f0a01ef3000-7f0a01ef6000 r--s 0000f000 fd:02 1610689484                 /home/mousham/Oracle/Middleware/Oracle_Home/oracle_common/modules/com.oracle.state-management.state-management-internal-api_12.1.3.jar
7f0a01ef6000-7f0a01ef7000 r--s 00006000 fd:02 1610689483                 /home/mousham/Oracle/Middleware/Oracle_Home/oracle_common/modules/com.oracle.state-management.persistence-service-provider-state-management-impl_12.1.3.jar
7f0a01ef7000-7f0a01ef8000 r--s 00002000 fd:02 1610689482                 /home/mousham/Oracle/Middleware/Oracle_Home/oracle_common/modules/com.oracle.state-management.persistence-service-internal-api_12.1.3.jar
7f0a01ef8000-7f0a01efa000 r--s 00002000 fd:02 1610689481                 /home/mousham/Oracle/Middleware/Oracle_Home/oracle_common/modules/com.oracle.state-management.executor-internal-api_12.1.3.jar
7f0a01efa000-7f0a01efc000 r--s 00003000 fd:02 1610689571                 /home/mousham/Oracle/Middleware/Oracle_Home/oracle_common/modules/com.oracle.webservices.wls.wls-soap-tool-jspgen_12.1.3.jar
7f0a01efc000-7f0a01f66000 r--s 00563000 fd:02 1610689570                 /home/mousham/Oracle/Middleware/Oracle_Home/oracle_common/modules/com.oracle.webservices.wls.wls-soap-stack-impl_12.1.3.jar
7f0a01f66000-7f0a01f68000 r--s 00006000 fd:02 1610689569                 /home/mousham/Oracle/Middleware/Oracle_Home/oracle_common/modules/com.oracle.webservices.wls.wls-integration-impl_12.1.3.jar
7f0a01f68000-7f0a01f90000 r--s 002b4000 fd:02 1610721540                 /home/mousham/Oracle/Middleware/Oracle_Home/wlserver/modules/org.apache.openjpa_1.5.0.0_1-1-1.jar
7f0a01f90000-7f0a01f93000 r--s 0000c000 fd:02 1610688694                 /home/mousham/Oracle/Middleware/Oracle_Home/wlserver/modules/com.oracle.css.weblogic.security_7.1.0.0.jar
7f0a01f93000-7f0a01f9e000 r--s 00075000 fd:02 1610688690                 /home/mousham/Oracle/Middleware/Oracle_Home/wlserver/modules/com.oracle.css.weblogic.security.wls_7.1.0.0.jar
7f0a01f9e000-7f0a01fb5000 r--s 000a9000 fd:02 1610688681                 /home/mousham/Oracle/Middleware/Oracle_Home/wlserver/modules/com.oracle.css.opensaml2_7.1.0.0.jar
7f0a01fb5000-7f0a01fb7000 r--s 00019000 fd:02 1610688686                 /home/mousham/Oracle/Middleware/Oracle_Home/wlserver/modules/com.oracle.css.opensaml_7.1.0.0.jar
7f0a01fb7000-7f0a01fb9000 r--s 00001000 fd:02 1610689573                 /home/mousham/Oracle/Middleware/Oracle_Home/oracle_common/modules/com.oracle.webservices.wls.wls-ws-metainf-services-impl_12.1.3.jar
7f0a01fb9000-7f0a01fbf000 r--s 0004a000 fd:02 1610688600                 /home/mousham/Oracle/Middleware/Oracle_Home/coherence/lib/coherence-web.jar
7f0a01fbf000-7f0a0203a000 r--s 007ba000 fd:02 1610688602                 /home/mousham/Oracle/Middleware/Oracle_Home/coherence/lib/coherence.jar
7f0a0203a000-7f0a02044000 r--s 000df000 fd:02 1610721387                 /home/mousham/Oracle/Middleware/Oracle_Home/wlserver/modules/com.bea.core.certj_1.0.0.0_6-1-1.jar
7f0a02044000-7f0a020c0000 r--s 007c0000 fd:02 10015                      /home/mousham/Oracle/Middleware/Oracle_Home/oracle_common/modules/oracle.toplink_12.1.3/eclipselink.jar
7f0a020c0000-7f0a02177000 rw-p 00000000 00:00 0 
7f0a02177000-7f0a025fa000 r--s 049fa000 fd:02 951009                     /home/mousham/Oracle/Middleware/Oracle_Home/wlserver/modules/features/weblogic.server.merged.jar
7f0a025fa000-7f0a025fb000 ---p 00000000 00:00 0 
7f0a025fb000-7f0a026fb000 rw-p 00000000 00:00 0                          [stack:19184]
7f0a026fb000-7f0a026fe000 ---p 00000000 00:00 0 
7f0a026fe000-7f0a027fc000 rw-p 00000000 00:00 0                          [stack:19183]
7f0a027fc000-7f0a027ff000 ---p 00000000 00:00 0 
7f0a027ff000-7f0a028fd000 rw-p 00000000 00:00 0                          [stack:19182]
7f0a028fd000-7f0a02900000 ---p 00000000 00:00 0 
7f0a02900000-7f0a029fe000 rw-p 00000000 00:00 0                          [stack:19181]
7f0a029fe000-7f0a02a01000 ---p 00000000 00:00 0 
7f0a02a01000-7f0a02aff000 rw-p 00000000 00:00 0                          [stack:19180]
7f0a02aff000-7f0a02b02000 ---p 00000000 00:00 0 
7f0a02b02000-7f0a04000000 rw-p 00000000 00:00 0                          [stack:19179]
7f0a04000000-7f0a04021000 rw-p 00000000 00:00 0 
7f0a04021000-7f0a08000000 ---p 00000000 00:00 0 
7f0a08000000-7f0a08001000 r--s 00000000 fd:02 538871118                  /home/mousham/Oracle/Middleware/Oracle_Home/oracle_common/modules/internal/features/com.oracle.webservices.wls.wls-classpath_12.1.3.jar
7f0a08001000-7f0a08002000 r--s 00001000 fd:02 1610721474                 /home/mousham/Oracle/Middleware/Oracle_Home/wlserver/modules/com.oracle.core.eclipselink.integration_3.1.0.0.jar
7f0a08002000-7f0a08003000 r--s 0000a000 fd:02 1610689715                 /home/mousham/Oracle/Middleware/Oracle_Home/oracle_common/modules/asm-3.1.jar
7f0a08003000-7f0a08008000 r--s 00014000 fd:02 1610688679                 /home/mousham/Oracle/Middleware/Oracle_Home/wlserver/modules/com.oracle.css.common.security.providers.env_7.1.0.0.jar
7f0a08008000-7f0a08020000 r--s 000de000 fd:02 1610688688                 /home/mousham/Oracle/Middleware/Oracle_Home/wlserver/modules/com.oracle.css.common.security.xacmlproviders.utils_7.1.0.0.jar
7f0a08020000-7f0a08023000 r--s 0001b000 fd:02 1610688701                 /home/mousham/Oracle/Middleware/Oracle_Home/wlserver/modules/com.oracle.css.common.security.saml.utils_7.1.0.0.jar
7f0a08023000-7f0a08026000 r--s 0001c000 fd:02 1610688680                 /home/mousham/Oracle/Middleware/Oracle_Home/wlserver/modules/com.oracle.css.common.security.providers.utils_7.1.0.0.jar
7f0a08026000-7f0a08028000 r--s 00003000 fd:02 1610688697                 /home/mousham/Oracle/Middleware/Oracle_Home/wlserver/modules/com.oracle.css.common.security.saml2.manage_7.1.0.0.jar
7f0a08028000-7f0a0802c000 r--s 00036000 fd:02 1610688691                 /home/mousham/Oracle/Middleware/Oracle_Home/wlserver/modules/com.oracle.css.common.security.saml2_7.1.0.0.jar
7f0a0802c000-7f0a08030000 r--s 0001a000 fd:02 1610688698                 /home/mousham/Oracle/Middleware/Oracle_Home/wlserver/modules/com.oracle.css.common.security.utils_7.1.0.0.jar
7f0a08030000-7f0a08032000 r--s 00002000 fd:02 1610688684                 /home/mousham/Oracle/Middleware/Oracle_Home/wlserver/modules/com.oracle.css.common.security.jdkutils_7.1.0.0.jar
7f0a08032000-7f0a08045000 r--s 000b5000 fd:02 1610688682                 /home/mousham/Oracle/Middleware/Oracle_Home/wlserver/modules/com.oracle.css.common.security.impl_7.1.0.0.jar
7f0a08045000-7f0a0804c000 r--s 0001c000 fd:02 1610688689                 /home/mousham/Oracle/Middleware/Oracle_Home/wlserver/modules/com.oracle.css.common.security.api_7.1.0.0.jar
7f0a0804c000-7f0a0804d000 r--s 00001000 fd:02 1610688687                 /home/mousham/Oracle/Middleware/Oracle_Home/wlserver/modules/com.oracle.css.common.engine.api_7.1.0.0.jar
7f0a0804d000-7f0a0804e000 r--s 00005000 fd:02 1610688700                 /home/mousham/Oracle/Middleware/Oracle_Home/wlserver/modules/com.oracle.css.common.engine.impl_7.1.0.0.jar
7f0a0804e000-7f0a0804f000 r--s 00003000 fd:02 1610688685                 /home/mousham/Oracle/Middleware/Oracle_Home/wlserver/modules/com.oracle.css.common.security.saml2.utils_7.1.0.0.jar
7f0a0804f000-7f0a08056000 r--s 0003f000 fd:02 1610688693                 /home/mousham/Oracle/Middleware/Oracle_Home/wlserver/modules/com.oracle.css.common.security.xacml_7.1.0.0.jar
7f0a08056000-7f0a08057000 r--s 00014000 fd:02 1610688696                 /home/mousham/Oracle/Middleware/Oracle_Home/wlserver/modules/com.oracle.css.common.security.i18n_7.1.0.0.jar
7f0a08057000-7f0a08058000 r--s 0000d000 fd:02 10012                      /home/mousham/Oracle/Middleware/Oracle_Home/oracle_common/modules/oracle.toplink_12.1.3/toplink-exalogic.jar
7f0a08058000-7f0a0805e000 r--s 0004c000 fd:02 10013                      /home/mousham/Oracle/Middleware/Oracle_Home/oracle_common/modules/oracle.toplink_12.1.3/toplink-grid.jar
7f0a0805e000-7f0a08063000 r--s 0001d000 fd:02 1610683250                 /home/mousham/Oracle/Middleware/Oracle_Home/oracle_common/modules/javax.persistence_2.0.0.0_2-0.jar
7f0a08063000-7f0a08065000 r--s 0001a000 fd:02 1082942869                 /home/mousham/Oracle/Middleware/Oracle_Home/oracle_common/modules/oracle.ons_12.1.3/ons.jar
7f0a08065000-7f0a0806a000 r--s 00136000 fd:02 1082942149                 /home/mousham/Oracle/Middleware/Oracle_Home/oracle_common/modules/oracle.jdbc_12.1.0/aqapi.jar
7f0a0806a000-7f0a0806c000 r--s 0003c000 fd:02 1610614756                 /home/mousham/Oracle/Middleware/Oracle_Home/oracle_common/modules/oracle.xdb_12.1.0.jar
7f0a0806c000-7f0a0806e000 r--s 00017000 fd:02 1610688730                 /home/mousham/Oracle/Middleware/Oracle_Home/oracle_common/modules/oracle.nlsrtl_12.1.0/orai18n-tools.jar
7f0a0806e000-7f0a08070000 r--s 001b5000 fd:02 1610688731                 /home/mousham/Oracle/Middleware/Oracle_Home/oracle_common/modules/oracle.nlsrtl_12.1.0/orai18n-lcsd.jar
7f0a08070000-7f0a08072000 r--s 00014000 fd:02 1610688728                 /home/mousham/Oracle/Middleware/Oracle_Home/oracle_common/modules/oracle.nlsrtl_12.1.0/orai18n-servlet.jar
7f0a08072000-7f0a0807c000 r--s 00153000 fd:02 1610688723                 /home/mousham/Oracle/Middleware/Oracle_Home/oracle_common/modules/oracle.nlsrtl_12.1.0/orai18n-translation.jar
7f0a0807c000-7f0a0807f000 r--s 00103000 fd:02 1610688724                 /home/mousham/Oracle/Middleware/Oracle_Home/oracle_common/modules/oracle.nlsrtl_12.1.0/orai18n-collation.jar
7f0a0807f000-7f0a08086000 r--s 0006a000 fd:02 1610688727                 /home/mousham/Oracle/Middleware/Oracle_Home/oracle_common/modules/oracle.nlsrtl_12.1.0/orai18n-utility.jar
7f0a08086000-7f0a080f1000 r--s 00e22000 fd:01 909011                     /usr/java/jdk1.7.0_67/lib/tools.jar
7f0a080f1000-7f0a080f4000 ---p 00000000 00:00 0 
7f0a080f4000-7f0a081f2000 rw-p 00000000 00:00 0                          [stack:19178]
7f0a081f2000-7f0a081f3000 ---p 00000000 00:00 0 
7f0a081f3000-7f0a09000000 rw-p 00000000 00:00 0                          [stack:19177]
7f0a09000000-7f0a09270000 rwxp 00000000 00:00 0 
7f0a09270000-7f0a0cb90000 rw-p 00000000 00:00 0 
7f0a0cb90000-7f0a10000000 ---p 00000000 00:00 0 
7f0a10000000-7f0a10002000 r--s 0000a000 fd:02 1610688725                 /home/mousham/Oracle/Middleware/Oracle_Home/oracle_common/modules/oracle.nlsrtl_12.1.0/orai18n-net.jar
7f0a10002000-7f0a10004000 r--s 00014000 fd:02 1610688726                 /home/mousham/Oracle/Middleware/Oracle_Home/oracle_common/modules/oracle.nlsrtl_12.1.0/orai18n-mapping.jar
7f0a10004000-7f0a1000b000 r--s 0018f000 fd:02 1610688729                 /home/mousham/Oracle/Middleware/Oracle_Home/oracle_common/modules/oracle.nlsrtl_12.1.0/orai18n.jar
7f0a1000b000-7f0a10010000 r--s 00043000 fd:02 1610684313                 /home/mousham/Oracle/Middleware/Oracle_Home/oracle_common/modules/oracle.osdt_12.1.3/osdt_core.jar
7f0a10010000-7f0a10036000 r--s 00361000 fd:02 1082942146                 /home/mousham/Oracle/Middleware/Oracle_Home/oracle_common/modules/oracle.jdbc_12.1.0/ojdbc7.jar
7f0a10036000-7f0a10328000 rw-p 00000000 00:00 0 
7f0a10328000-7f0a104e7000 r--s 039e5000 fd:01 135719684                  /usr/java/jdk1.7.0_67/jre/lib/rt.jar
7f0a104e7000-7f0a10720000 rw-p 00000000 00:00 0 
7f0a10720000-7f0a10721000 ---p 00000000 00:00 0 
7f0a10721000-7f0a10821000 rw-p 00000000 00:00 0                          [stack:19175]
7f0a10821000-7f0a10822000 ---p 00000000 00:00 0 
7f0a10822000-7f0a10922000 rw-p 00000000 00:00 0                          [stack:19174]
7f0a10922000-7f0a10923000 ---p 00000000 00:00 0 
7f0a10923000-7f0a10a23000 rw-p 00000000 00:00 0                          [stack:19173]
7f0a10a23000-7f0a10a24000 ---p 00000000 00:00 0 
7f0a10a24000-7f0a10b2f000 rw-p 00000000 00:00 0                          [stack:19172]
7f0a10b2f000-7f0a10b64000 rw-p 00000000 00:00 0 
7f0a10b64000-7f0a10b8f000 rw-p 00000000 00:00 0 
7f0a10b8f000-7f0a10c0f000 rw-p 00000000 00:00 0 
7f0a10c0f000-7f0a10c1a000 rw-p 00000000 00:00 0 
7f0a10c1a000-7f0a10c4f000 rw-p 00000000 00:00 0 
7f0a10c4f000-7f0a10c7a000 rw-p 00000000 00:00 0 
7f0a10c7a000-7f0a10cf9000 rw-p 00000000 00:00 0 
7f0a10cf9000-7f0a10d0f000 rw-p 00000000 00:00 0 
7f0a10d0f000-7f0a10d4f000 rw-p 00000000 00:00 0 
7f0a10d4f000-7f0a10d50000 rw-p 00000000 00:00 0 
7f0a10d50000-7f0a10d6a000 r-xp 00000000 fd:01 204124167                  /usr/java/jdk1.7.0_67/jre/lib/amd64/libzip.so
7f0a10d6a000-7f0a10f6a000 ---p 0001a000 fd:01 204124167                  /usr/java/jdk1.7.0_67/jre/lib/amd64/libzip.so
7f0a10f6a000-7f0a10f6b000 rw-p 0001a000 fd:01 204124167                  /usr/java/jdk1.7.0_67/jre/lib/amd64/libzip.so
7f0a10f6b000-7f0a10f76000 r-xp 00000000 fd:01 201449598                  /usr/lib64/libnss_files-2.17.so
7f0a10f76000-7f0a11175000 ---p 0000b000 fd:01 201449598                  /usr/lib64/libnss_files-2.17.so
7f0a11175000-7f0a11176000 r--p 0000a000 fd:01 201449598                  /usr/lib64/libnss_files-2.17.so
7f0a11176000-7f0a11177000 rw-p 0000b000 fd:01 201449598                  /usr/lib64/libnss_files-2.17.so
7f0a11177000-7f0a111a0000 r-xp 00000000 fd:01 204101351                  /usr/java/jdk1.7.0_67/jre/lib/amd64/libjava.so
7f0a111a0000-7f0a113a0000 ---p 00029000 fd:01 204101351                  /usr/java/jdk1.7.0_67/jre/lib/amd64/libjava.so
7f0a113a0000-7f0a113a2000 rw-p 00029000 fd:01 204101351                  /usr/java/jdk1.7.0_67/jre/lib/amd64/libjava.so
7f0a113a2000-7f0a113af000 r-xp 00000000 fd:01 204124166                  /usr/java/jdk1.7.0_67/jre/lib/amd64/libverify.so
7f0a113af000-7f0a115ae000 ---p 0000d000 fd:01 204124166                  /usr/java/jdk1.7.0_67/jre/lib/amd64/libverify.so
7f0a115ae000-7f0a115b0000 rw-p 0000c000 fd:01 204124166                  /usr/java/jdk1.7.0_67/jre/lib/amd64/libverify.so
7f0a115b0000-7f0a115b7000 r-xp 00000000 fd:01 201449612                  /usr/lib64/librt-2.17.so
7f0a115b7000-7f0a117b6000 ---p 00007000 fd:01 201449612                  /usr/lib64/librt-2.17.so
7f0a117b6000-7f0a117b7000 r--p 00006000 fd:01 201449612                  /usr/lib64/librt-2.17.so
7f0a117b7000-7f0a117b8000 rw-p 00007000 fd:01 201449612                  /usr/lib64/librt-2.17.so
7f0a117b8000-7f0a118b9000 r-xp 00000000 fd:01 201449583                  /usr/lib64/libm-2.17.so
7f0a118b9000-7f0a11ab8000 ---p 00101000 fd:01 201449583                  /usr/lib64/libm-2.17.so
7f0a11ab8000-7f0a11ab9000 r--p 00100000 fd:01 201449583                  /usr/lib64/libm-2.17.so
7f0a11ab9000-7f0a11aba000 rw-p 00101000 fd:01 201449583                  /usr/lib64/libm-2.17.so
7f0a11aba000-7f0a1262a000 r-xp 00000000 fd:01 135664559                  /usr/java/jdk1.7.0_67/jre/lib/amd64/server/libjvm.so
7f0a1262a000-7f0a12829000 ---p 00b70000 fd:01 135664559                  /usr/java/jdk1.7.0_67/jre/lib/amd64/server/libjvm.so
7f0a12829000-7f0a128ee000 rw-p 00b6f000 fd:01 135664559                  /usr/java/jdk1.7.0_67/jre/lib/amd64/server/libjvm.so
7f0a128ee000-7f0a1292e000 rw-p 00000000 00:00 0 
7f0a1292e000-7f0a12ae2000 r-xp 00000000 fd:01 201449574                  /usr/lib64/libc-2.17.so
7f0a12ae2000-7f0a12ce2000 ---p 001b4000 fd:01 201449574                  /usr/lib64/libc-2.17.so
7f0a12ce2000-7f0a12ce6000 r--p 001b4000 fd:01 201449574                  /usr/lib64/libc-2.17.so
7f0a12ce6000-7f0a12ce8000 rw-p 001b8000 fd:01 201449574                  /usr/lib64/libc-2.17.so
7f0a12ce8000-7f0a12ced000 rw-p 00000000 00:00 0 
7f0a12ced000-7f0a12cf0000 r-xp 00000000 fd:01 201449581                  /usr/lib64/libdl-2.17.so
7f0a12cf0000-7f0a12eef000 ---p 00003000 fd:01 201449581                  /usr/lib64/libdl-2.17.so
7f0a12eef000-7f0a12ef0000 r--p 00002000 fd:01 201449581                  /usr/lib64/libdl-2.17.so
7f0a12ef0000-7f0a12ef1000 rw-p 00003000 fd:01 201449581                  /usr/lib64/libdl-2.17.so
7f0a12ef1000-7f0a12f07000 r-xp 00000000 fd:01 67111485                   /usr/java/jdk1.7.0_67/jre/lib/amd64/jli/libjli.so
7f0a12f07000-7f0a13107000 ---p 00016000 fd:01 67111485                   /usr/java/jdk1.7.0_67/jre/lib/amd64/jli/libjli.so
7f0a13107000-7f0a13108000 rw-p 00016000 fd:01 67111485                   /usr/java/jdk1.7.0_67/jre/lib/amd64/jli/libjli.so
7f0a13108000-7f0a1311e000 r-xp 00000000 fd:01 201449608                  /usr/lib64/libpthread-2.17.so
7f0a1311e000-7f0a1331e000 ---p 00016000 fd:01 201449608                  /usr/lib64/libpthread-2.17.so
7f0a1331e000-7f0a1331f000 r--p 00016000 fd:01 201449608                  /usr/lib64/libpthread-2.17.so
7f0a1331f000-7f0a13320000 rw-p 00017000 fd:01 201449608                  /usr/lib64/libpthread-2.17.so
7f0a13320000-7f0a13324000 rw-p 00000000 00:00 0 
7f0a13324000-7f0a13345000 r-xp 00000000 fd:01 201396319                  /usr/lib64/ld-2.17.so
7f0a13345000-7f0a13349000 r--s 00041000 fd:02 39003                      /home/mousham/Oracle/Middleware/Oracle_Home/oracle_common/modules/oracle.pki_12.1.3/oraclepki.jar
7f0a13349000-7f0a1334c000 r--s 0002f000 fd:02 1610684312                 /home/mousham/Oracle/Middleware/Oracle_Home/oracle_common/modules/oracle.osdt_12.1.3/osdt_cert.jar
7f0a1334c000-7f0a13357000 r--s 000a8000 fd:02 1610688733                 /home/mousham/Oracle/Middleware/Oracle_Home/oracle_common/modules/oracle.ucp_12.1.0.jar
7f0a13357000-7f0a13359000 r--s 0000b000 fd:02 1610721497                 /home/mousham/Oracle/Middleware/Oracle_Home/wlserver/modules/hk2-runlevel_2.3.0-b01.jar
7f0a13359000-7f0a1335d000 r--s 00027000 fd:02 1610721496                 /home/mousham/Oracle/Middleware/Oracle_Home/wlserver/modules/hk2-locator_2.3.0-b01.jar
7f0a1335d000-7f0a13360000 r--s 0000e000 fd:02 1610721498                 /home/mousham/Oracle/Middleware/Oracle_Home/wlserver/modules/hk2-utils_2.3.0-b01.jar
7f0a13360000-7f0a13364000 r--s 0001f000 fd:02 1610721494                 /home/mousham/Oracle/Middleware/Oracle_Home/wlserver/modules/hk2-api_2.3.0-b01.jar
7f0a13364000-7f0a1336e000 rw-p 00000000 00:00 0 
7f0a1336e000-7f0a13424000 rw-p 00000000 00:00 0 
7f0a13424000-7f0a13427000 ---p 00000000 00:00 0 
7f0a13427000-7f0a13529000 rw-p 00000000 00:00 0                          [stack:19171]
7f0a13529000-7f0a1352a000 r--s 00000000 fd:02 1612638726                 /home/mousham/Oracle/Middleware/Oracle_Home/oracle_common/modules/features/com.oracle.db.jdbc7-no-dms.jar
7f0a1352a000-7f0a1352b000 r--s 00000000 fd:02 41750                      /home/mousham/Oracle/Middleware/Oracle_Home/wlserver/modules/features/weblogic.server.merge.modules_12.1.3.0.jar
7f0a1352b000-7f0a1352c000 r--s 00000000 fd:02 1082943721                 /home/mousham/Oracle/Middleware/Oracle_Home/wlserver/server/lib/weblogic.jar
7f0a1352c000-7f0a13539000 rw-p 00000000 00:00 0 
7f0a13539000-7f0a13541000 rw-s 00000000 fd:01 73658505                   /tmp/hsperfdata_root/19166
7f0a13541000-7f0a13542000 rw-p 00000000 00:00 0 
7f0a13542000-7f0a13543000 ---p 00000000 00:00 0 
7f0a13543000-7f0a13544000 rw-p 00000000 00:00 0 
7f0a13544000-7f0a13545000 r--p 00020000 fd:01 201396319                  /usr/lib64/ld-2.17.so
7f0a13545000-7f0a13546000 rw-p 00021000 fd:01 201396319                  /usr/lib64/ld-2.17.so
7f0a13546000-7f0a13547000 rw-p 00000000 00:00 0 
7fff01255000-7fff01276000 rw-p 00000000 00:00 0                          [stack]
7fff01349000-7fff0134b000 r-xp 00000000 00:00 0                          [vdso]
ffffffffff600000-ffffffffff601000 r-xp 00000000 00:00 0                  [vsyscall]

VM Arguments:
jvm_args: -Xms128m -Xmx512m -XX:MaxPermSize=128m -Xverify:none -Dweblogic.jsp.diagnosticWithAbsolutePath=true -Dweblogic.classloader.noJarSigners=true 
java_command: weblogic.appc @/tmp/appcCommandList8567470600300138698.txt
Launcher Type: SUN_STANDARD

Environment Variables:
PATH=/sbin:/bin:/usr/sbin:/usr/bin
USERNAME=mousham
SHELL=/bin/bash
DISPLAY=:0

Signal Handlers:
SIGSEGV: [libjvm.so+0x99f4a0], sa_mask[0]=0x7ffbfeff, sa_flags=0x10000004
SIGBUS: [libjvm.so+0x99f4a0], sa_mask[0]=0x7ffbfeff, sa_flags=0x10000004
SIGFPE: [libjvm.so+0x81a860], sa_mask[0]=0x7ffbfeff, sa_flags=0x10000004
SIGPIPE: [libjvm.so+0x81a860], sa_mask[0]=0x7ffbfeff, sa_flags=0x10000004
SIGXFSZ: [libjvm.so+0x81a860], sa_mask[0]=0x7ffbfeff, sa_flags=0x10000004
SIGILL: [libjvm.so+0x81a860], sa_mask[0]=0x7ffbfeff, sa_flags=0x10000004
SIGUSR1: SIG_DFL, sa_mask[0]=0x00000000, sa_flags=0x00000000
SIGUSR2: [libjvm.so+0x81c060], sa_mask[0]=0x00000004, sa_flags=0x10000004
SIGHUP: [libjvm.so+0x81d160], sa_mask[0]=0x7ffbfeff, sa_flags=0x10000004
SIGINT: [libjvm.so+0x81d160], sa_mask[0]=0x7ffbfeff, sa_flags=0x10000004
SIGTERM: [libjvm.so+0x81d160], sa_mask[0]=0x7ffbfeff, sa_flags=0x10000004
SIGQUIT: [libjvm.so+0x81d160], sa_mask[0]=0x7ffbfeff, sa_flags=0x10000004


---------------  S Y S T E M  ---------------

OS:Red Hat Enterprise Linux Server release 7.0 (Maipo)

uname:Linux 3.10.0-123.el7.x86_64 #1 SMP Wed Jul 9 18:59:11 PDT 2014 x86_64
libc:glibc 2.17 NPTL 2.17 
rlimit: STACK 8192k, CORE 0k, NPROC 61743, NOFILE 4096, AS infinity
load average:1.50 0.99 1.15

/proc/meminfo:
MemTotal:        7944532 kB
MemFree:          124564 kB
MemAvailable:     128704 kB
Buffers:               0 kB
Cached:           378812 kB
SwapCached:        21868 kB
Active:          6214180 kB
Inactive:        1338076 kB
Active(anon):    6161724 kB
Inactive(anon):  1269256 kB
Active(file):      52456 kB
Inactive(file):    68820 kB
Unevictable:           0 kB
Mlocked:               0 kB
SwapTotal:       8142844 kB
SwapFree:        7782788 kB
Dirty:              3692 kB
Writeback:             0 kB
AnonPages:       7162416 kB
Mapped:            53616 kB
Shmem:            256852 kB
Slab:             111304 kB
SReclaimable:      55932 kB
SUnreclaim:        55372 kB
KernelStack:        5808 kB
PageTables:        43240 kB
NFS_Unstable:          0 kB
Bounce:                0 kB
WritebackTmp:          0 kB
CommitLimit:    12115108 kB
Committed_AS:   10767604 kB
VmallocTotal:   34359738367 kB
VmallocUsed:      557700 kB
VmallocChunk:   34359152896 kB
HardwareCorrupted:     0 kB
AnonHugePages:   4745216 kB
HugePages_Total:       0
HugePages_Free:        0
HugePages_Rsvd:        0
HugePages_Surp:        0
Hugepagesize:       2048 kB
DirectMap4k:      121604 kB
DirectMap2M:     8200192 kB


CPU:total 4 (2 cores per cpu, 2 threads per core) family 6 model 42 stepping 7, cmov, cx8, fxsr, mmx, sse, sse2, sse3, ssse3, sse4.1, sse4.2, popcnt, avx, aes, ht, tsc, tscinvbit

/proc/cpuinfo:
processor	: 0
vendor_id	: GenuineIntel
cpu family	: 6
model		: 42
model name	: Intel(R) Core(TM) i5-2450M CPU @ 2.50GHz
stepping	: 7
microcode	: 0x29
cpu MHz		: 2899.902
cache size	: 3072 KB
physical id	: 0
siblings	: 4
core id		: 0
cpu cores	: 2
apicid		: 0
initial apicid	: 0
fpu		: yes
fpu_exception	: yes
cpuid level	: 13
wp		: yes
flags		: fpu vme de pse tsc msr pae mce cx8 apic sep mtrr pge mca cmov pat pse36 clflush dts acpi mmx fxsr sse sse2 ss ht tm pbe syscall nx rdtscp lm constant_tsc arch_perfmon pebs bts rep_good nopl xtopology nonstop_tsc aperfmperf eagerfpu pni pclmulqdq dtes64 monitor ds_cpl vmx est tm2 ssse3 cx16 xtpr pdcm pcid sse4_1 sse4_2 x2apic popcnt tsc_deadline_timer aes xsave avx lahf_lm ida arat epb xsaveopt pln pts dtherm tpr_shadow vnmi flexpriority ept vpid
bogomips	: 4988.78
clflush size	: 64
cache_alignment	: 64
address sizes	: 36 bits physical, 48 bits virtual
power management:

processor	: 1
vendor_id	: GenuineIntel
cpu family	: 6
model		: 42
model name	: Intel(R) Core(TM) i5-2450M CPU @ 2.50GHz
stepping	: 7
microcode	: 0x29
cpu MHz		: 2899.902
cache size	: 3072 KB
physical id	: 0
siblings	: 4
core id		: 0
cpu cores	: 2
apicid		: 1
initial apicid	: 1
fpu		: yes
fpu_exception	: yes
cpuid level	: 13
wp		: yes
flags		: fpu vme de pse tsc msr pae mce cx8 apic sep mtrr pge mca cmov pat pse36 clflush dts acpi mmx fxsr sse sse2 ss ht tm pbe syscall nx rdtscp lm constant_tsc arch_perfmon pebs bts rep_good nopl xtopology nonstop_tsc aperfmperf eagerfpu pni pclmulqdq dtes64 monitor ds_cpl vmx est tm2 ssse3 cx16 xtpr pdcm pcid sse4_1 sse4_2 x2apic popcnt tsc_deadline_timer aes xsave avx lahf_lm ida arat epb xsaveopt pln pts dtherm tpr_shadow vnmi flexpriority ept vpid
bogomips	: 4988.78
clflush size	: 64
cache_alignment	: 64
address sizes	: 36 bits physical, 48 bits virtual
power management:

processor	: 2
vendor_id	: GenuineIntel
cpu family	: 6
model		: 42
model name	: Intel(R) Core(TM) i5-2450M CPU @ 2.50GHz
stepping	: 7
microcode	: 0x29
cpu MHz		: 2900.000
cache size	: 3072 KB
physical id	: 0
siblings	: 4
core id		: 1
cpu cores	: 2
apicid		: 2
initial apicid	: 2
fpu		: yes
fpu_exception	: yes
cpuid level	: 13
wp		: yes
flags		: fpu vme de pse tsc msr pae mce cx8 apic sep mtrr pge mca cmov pat pse36 clflush dts acpi mmx fxsr sse sse2 ss ht tm pbe syscall nx rdtscp lm constant_tsc arch_perfmon pebs bts rep_good nopl xtopology nonstop_tsc aperfmperf eagerfpu pni pclmulqdq dtes64 monitor ds_cpl vmx est tm2 ssse3 cx16 xtpr pdcm pcid sse4_1 sse4_2 x2apic popcnt tsc_deadline_timer aes xsave avx lahf_lm ida arat epb xsaveopt pln pts dtherm tpr_shadow vnmi flexpriority ept vpid
bogomips	: 4988.78
clflush size	: 64
cache_alignment	: 64
address sizes	: 36 bits physical, 48 bits virtual
power management:

processor	: 3
vendor_id	: GenuineIntel
cpu family	: 6
model		: 42
model name	: Intel(R) Core(TM) i5-2450M CPU @ 2.50GHz
stepping	: 7
microcode	: 0x29
cpu MHz		: 2900.000
cache size	: 3072 KB
physical id	: 0
siblings	: 4
core id		: 1
cpu cores	: 2
apicid		: 3
initial apicid	: 3
fpu		: yes
fpu_exception	: yes
cpuid level	: 13
wp		: yes
flags		: fpu vme de pse tsc msr pae mce cx8 apic sep mtrr pge mca cmov pat pse36 clflush dts acpi mmx fxsr sse sse2 ss ht tm pbe syscall nx rdtscp lm constant_tsc arch_perfmon pebs bts rep_good nopl xtopology nonstop_tsc aperfmperf eagerfpu pni pclmulqdq dtes64 monitor ds_cpl vmx est tm2 ssse3 cx16 xtpr pdcm pcid sse4_1 sse4_2 x2apic popcnt tsc_deadline_timer aes xsave avx lahf_lm ida arat epb xsaveopt pln pts dtherm tpr_shadow vnmi flexpriority ept vpid
bogomips	: 4988.78
clflush size	: 64
cache_alignment	: 64
address sizes	: 36 bits physical, 48 bits virtual
power management:



Memory: 4k page, physical 7944532k(124564k free), swap 8142844k(7782788k free)

vm_info: Java HotSpot(TM) 64-Bit Server VM (24.65-b04) for linux-amd64 JRE (1.7.0_67-b01), built on Jul 25 2014 09:20:21 by "java_re" with gcc 4.3.0 20080428 (Red Hat 4.3.0-8)

time: Fri Feb 13 18:15:51 2015
elapsed time: 34 seconds

